08-14 04:55:36 com_github_MitjaNemec_PlaceFootprints.action_place_footprints 647:Plugin executed on: 'win32'
08-14 04:55:36 com_github_MitjaNemec_PlaceFootprints.action_place_footprints 648:Plugin executed with python version: '3.11.5 (main, Jul 16 2024, 08:01:06) [MSC v.1939 64 bit (AMD64)]'
08-14 04:55:36 com_github_MitjaNemec_PlaceFootprints.action_place_footprints 649:KiCad build version: 8.0.4
08-14 04:55:36 com_github_MitjaNemec_PlaceFootprints.action_place_footprints 650:Plugin version: 3.0.0
08-14 04:55:36 com_github_MitjaNemec_PlaceFootprints.action_place_footprints 651:Frame repr: <wx._core.Frame object at 0x0000027713B22D40>
08-14 04:55:36 com_github_MitjaNemec_PlaceFootprints.place_footprints 121:getting a list of all footprints on board
08-14 04:55:36 com_github_MitjaNemec_PlaceFootprints.place_footprints 156:Footprint J12 on root level
08-14 04:55:36 com_github_MitjaNemec_PlaceFootprints.place_footprints 156:Footprint J11 on root level
08-14 04:55:36 com_github_MitjaNemec_PlaceFootprints.place_footprints 156:Footprint J10 on root level
08-14 04:55:36 com_github_MitjaNemec_PlaceFootprints.place_footprints 156:Footprint J9 on root level
08-14 04:55:36 com_github_MitjaNemec_PlaceFootprints.place_footprints 156:Footprint U5 on root level
08-14 04:55:36 com_github_MitjaNemec_PlaceFootprints.place_footprints 156:Footprint U2 on root level
08-14 04:55:36 com_github_MitjaNemec_PlaceFootprints.place_footprints 156:Footprint J16 on root level
08-14 04:55:36 com_github_MitjaNemec_PlaceFootprints.place_footprints 156:Footprint J15 on root level
08-14 04:55:36 com_github_MitjaNemec_PlaceFootprints.place_footprints 156:Footprint J14 on root level
08-14 04:55:36 com_github_MitjaNemec_PlaceFootprints.place_footprints 156:Footprint J13 on root level
08-14 04:55:36 com_github_MitjaNemec_PlaceFootprints.place_footprints 156:Footprint Y1 on root level
08-14 04:55:36 com_github_MitjaNemec_PlaceFootprints.place_footprints 156:Footprint U4 on root level
08-14 04:55:36 com_github_MitjaNemec_PlaceFootprints.place_footprints 156:Footprint U3 on root level
08-14 04:55:36 com_github_MitjaNemec_PlaceFootprints.place_footprints 156:Footprint U1 on root level
08-14 04:55:36 com_github_MitjaNemec_PlaceFootprints.place_footprints 156:Footprint SW3 on root level
08-14 04:55:36 com_github_MitjaNemec_PlaceFootprints.place_footprints 156:Footprint SW2 on root level
08-14 04:55:36 com_github_MitjaNemec_PlaceFootprints.place_footprints 156:Footprint SW1 on root level
08-14 04:55:36 com_github_MitjaNemec_PlaceFootprints.place_footprints 156:Footprint RN1 on root level
08-14 04:55:36 com_github_MitjaNemec_PlaceFootprints.place_footprints 156:Footprint R5 on root level
08-14 04:55:36 com_github_MitjaNemec_PlaceFootprints.place_footprints 156:Footprint R4 on root level
08-14 04:55:36 com_github_MitjaNemec_PlaceFootprints.place_footprints 156:Footprint R3 on root level
08-14 04:55:36 com_github_MitjaNemec_PlaceFootprints.place_footprints 156:Footprint R2 on root level
08-14 04:55:36 com_github_MitjaNemec_PlaceFootprints.place_footprints 156:Footprint R1 on root level
08-14 04:55:36 com_github_MitjaNemec_PlaceFootprints.place_footprints 156:Footprint Q1 on root level
08-14 04:55:36 com_github_MitjaNemec_PlaceFootprints.place_footprints 156:Footprint J8 on root level
08-14 04:55:36 com_github_MitjaNemec_PlaceFootprints.place_footprints 156:Footprint J7 on root level
08-14 04:55:36 com_github_MitjaNemec_PlaceFootprints.place_footprints 156:Footprint J6 on root level
08-14 04:55:36 com_github_MitjaNemec_PlaceFootprints.place_footprints 156:Footprint J5 on root level
08-14 04:55:36 com_github_MitjaNemec_PlaceFootprints.place_footprints 156:Footprint J4 on root level
08-14 04:55:36 com_github_MitjaNemec_PlaceFootprints.place_footprints 156:Footprint J3 on root level
08-14 04:55:36 com_github_MitjaNemec_PlaceFootprints.place_footprints 156:Footprint J2 on root level
08-14 04:55:36 com_github_MitjaNemec_PlaceFootprints.place_footprints 156:Footprint J1 on root level
08-14 04:55:36 com_github_MitjaNemec_PlaceFootprints.place_footprints 156:Footprint D4 on root level
08-14 04:55:36 com_github_MitjaNemec_PlaceFootprints.place_footprints 156:Footprint D3 on root level
08-14 04:55:36 com_github_MitjaNemec_PlaceFootprints.place_footprints 156:Footprint D2 on root level
08-14 04:55:36 com_github_MitjaNemec_PlaceFootprints.place_footprints 156:Footprint D1 on root level
08-14 04:55:36 com_github_MitjaNemec_PlaceFootprints.place_footprints 156:Footprint C19 on root level
08-14 04:55:36 com_github_MitjaNemec_PlaceFootprints.place_footprints 156:Footprint C18 on root level
08-14 04:55:36 com_github_MitjaNemec_PlaceFootprints.place_footprints 156:Footprint C17 on root level
08-14 04:55:36 com_github_MitjaNemec_PlaceFootprints.place_footprints 156:Footprint C16 on root level
08-14 04:55:36 com_github_MitjaNemec_PlaceFootprints.place_footprints 156:Footprint C15 on root level
08-14 04:55:36 com_github_MitjaNemec_PlaceFootprints.place_footprints 156:Footprint C14 on root level
08-14 04:55:36 com_github_MitjaNemec_PlaceFootprints.place_footprints 156:Footprint C13 on root level
08-14 04:55:36 com_github_MitjaNemec_PlaceFootprints.place_footprints 156:Footprint C12 on root level
08-14 04:55:36 com_github_MitjaNemec_PlaceFootprints.place_footprints 156:Footprint C11 on root level
08-14 04:55:36 com_github_MitjaNemec_PlaceFootprints.place_footprints 156:Footprint C10 on root level
08-14 04:55:36 com_github_MitjaNemec_PlaceFootprints.place_footprints 156:Footprint C9 on root level
08-14 04:55:36 com_github_MitjaNemec_PlaceFootprints.place_footprints 156:Footprint C8 on root level
08-14 04:55:36 com_github_MitjaNemec_PlaceFootprints.place_footprints 156:Footprint C7 on root level
08-14 04:55:36 com_github_MitjaNemec_PlaceFootprints.place_footprints 156:Footprint C6 on root level
08-14 04:55:36 com_github_MitjaNemec_PlaceFootprints.place_footprints 156:Footprint C5 on root level
08-14 04:55:36 com_github_MitjaNemec_PlaceFootprints.place_footprints 156:Footprint C4 on root level
08-14 04:55:36 com_github_MitjaNemec_PlaceFootprints.place_footprints 156:Footprint C3 on root level
08-14 04:55:36 com_github_MitjaNemec_PlaceFootprints.place_footprints 156:Footprint C2 on root level
08-14 04:55:36 com_github_MitjaNemec_PlaceFootprints.place_footprints 156:Footprint C1 on root level
08-14 04:55:36 com_github_MitjaNemec_PlaceFootprints.place_footprints 156:Footprint BZ1 on root level
08-14 04:55:36 com_github_MitjaNemec_PlaceFootprints.place_footprints 156:Footprint C20 on root level
08-14 04:55:42 com_github_MitjaNemec_PlaceFootprints.action_place_footprints 830:Reference designator is: J
08-14 04:55:42 com_github_MitjaNemec_PlaceFootprints.action_place_footprints 831:Reference number is: 9
08-14 04:55:42 com_github_MitjaNemec_PlaceFootprints.action_place_footprints 863:Sorted and filtered list:
['J1', 'J2', 'J3', 'J4', 'J5', 'J6', 'J7', 'J8', 'J9', 'J10', 'J11', 'J12', 'J13', 'J14', 'J15', 'J16']
08-14 04:55:42 com_github_MitjaNemec_PlaceFootprints.action_place_footprints 359:wx.Colour(240, 240, 240, 255)
