*** Using Compiler 'V5.06 update 6 (build 750)', folder: 'C:\Keil_v5\ARM\ARMCC\Bin'
Build target 'PCB_V1'
compiling main.c...
../Core/Inc/main.h(58): warning:  #1295-D: Deprecated declaration Move - give arg types
  void Move();
../Core/Inc/KalmanFilter.h(25): warning:  #1-D: last line of file ends without a newline
  #endif
../Core/Inc/AML_Remote.h(17): warning:  #1-D: last line of file ends without a newline
  #endif // AML_REMOTE_H
../Core/Inc/AML_Parameter.h(62): warning:  #1-D: last line of file ends without a newline
  #endif // AML_Parameter_H
../Core/Inc/AML_LaserSensor.h(29): warning:  #1295-D: Deprecated declaration AML_LaserSensor_IsLeftWall - give arg types
  uint8_t AML_LaserSensor_IsLeftWall();
../Core/Inc/AML_LaserSensor.h(30): warning:  #1295-D: Deprecated declaration AML_LaserSensor_IsFrontWall - give arg types
  uint8_t AML_LaserSensor_IsFrontWall();
../Core/Inc/AML_LaserSensor.h(31): warning:  #1295-D: Deprecated declaration AML_LaserSensor_IsRightWall - give arg types
  uint8_t AML_LaserSensor_IsRightWall();
../Core/Inc/AML_LaserSensor.h(33): warning:  #1-D: last line of file ends without a newline
  #endif
../Core/Inc/AML_Encoder.h(13): warning:  #1-D: last line of file ends without a newline
  #endif // AML_ENCODER_H
../Core/Inc/AML_PID.h(38): warning:  #1-D: last line of file ends without a newline
  #endif // AML_PID_H
../Core/Inc/AML_DebugDevice.h(29): warning:  #1295-D: Deprecated declaration AML_DebugDevice_ToggleAllLED - give arg types
  void AML_DebugDevice_ToggleAllLED();
../Core/Inc/AML_MotorControl.h(63): warning:  #1-D: last line of file ends without a newline
  #endif // AML_MOTORCONTROL_H
../Core/Inc/flood.h(32): warning:  #47-D: incompatible redefinition of macro "FLOOD_LEFT_WALL"  (declared at line 27 of "../Core/Inc/AML_Parameter.h")
  #define FLOOD_LEFT_WALL 300
../Core/Inc/flood.h(33): warning:  #47-D: incompatible redefinition of macro "FLOOD_RIGHT_WALL"  (declared at line 26 of "../Core/Inc/AML_Parameter.h")
  #define FLOOD_RIGHT_WALL 300
../Core/Inc/AML_MotorControl.h(63): warning:  #1-D: last line of file ends without a newline
  #endif // AML_MOTORCONTROL_H
../Core/Inc/AML_Remote.h(17): warning:  #1-D: last line of file ends without a newline
  #endif // AML_REMOTE_H
../Core/Inc/AML_Keyboard.h(18): warning:  #1-D: last line of file ends without a newline
  #endif // AML_KEYBOARD_H
../Core/Inc/solver.h(6): error:  #40: expected an identifier
      NORTH,
../Core/Inc/solver.h(7): error:  #40: expected an identifier
      EAST,
../Core/Inc/solver.h(8): error:  #40: expected an identifier
      SOUTH,
../Core/Inc/solver.h(9): error:  #40: expected an identifier
      WEST
../Core/Inc/solver.h(59): warning:  #1295-D: Deprecated declaration searchRun - give arg types
  void searchRun();
../Core/Inc/solver.h(60): warning:  #1295-D: Deprecated declaration searchCenterToStart - give arg types
  void searchCenterToStart();
../Core/Inc/solver.h(61): warning:  #1295-D: Deprecated declaration firstFastRun - give arg types
  void firstFastRun();
../Core/Inc/solver.h(62): warning:  #1295-D: Deprecated declaration loopRun - give arg types
  void loopRun();
../Core/Inc/solver.h(64): warning:  #1295-D: Deprecated declaration markCenterWall - give arg types
  void markCenterWall();
../Core/Inc/solver.h(65): warning:  #1295-D: Deprecated declaration initialize - give arg types
  void initialize();
../Core/Inc/solver.h(66): warning:  #1295-D: Deprecated declaration updateMaze - give arg types
  void updateMaze();      // updates the maze array with the walls around the mouse's current position
../Core/Inc/solver.h(67): warning:  #1295-D: Deprecated declaration updateDistances - give arg types
  void updateDistances(); // the "floodfill" algorithm
../Core/Inc/solver.h(68): warning:  #1295-D: Deprecated declaration calculateShortestPathDistances - give arg types
  void calculateShortestPathDistances();
../Core/Inc/solver.h(69): warning:  #1295-D: Deprecated declaration fastRunWithVariableVelocity - give arg types
  void fastRunWithVariableVelocity();
../Core/Inc/solver.h(70): warning:  #1295-D: Deprecated declaration resetDistances - give arg types
  void resetDistances();
../Core/Inc/solver.h(76): warning:  #1295-D: Deprecated declaration getReachingCenter - give arg types
  int getReachingCenter();
../Core/Inc/solver.h(77): warning:  #1295-D: Deprecated declaration solver - give arg types
  Action solver();
../Core/Inc/solver.h(78): warning:  #1295-D: Deprecated declaration floodFill - give arg types
  Action floodFill();
../Core/Inc/solver.h(80): warning:  #1-D: last line of file ends without a newline
  #endif
../Core/Src/main.c(91): error:  #147: declaration is incompatible with "int distances[16][16]"  (declared at line 50 of "../Core/Inc/solver.h")
  struct dist_maze distances;
../Core/Src/main.c(131): warning:  #1295-D: Deprecated declaration ShortestPath - give arg types
  void ShortestPath();
../Core/Src/main.c(132): warning:  #1295-D: Deprecated declaration RunMode - give arg types
  void RunMode();
../Core/Src/main.c(134): warning:  #1295-D: Deprecated declaration RunNewAlgorithm - give arg types
  void RunNewAlgorithm();
../Core/Src/main.c(766): warning:  #188-D: enumerated type mixed with another type
        AML_DebugDevice_TurnOnLED(i);
../Core/Src/main.c(790): warning:  #188-D: enumerated type mixed with another type
    AML_DebugDevice_TurnOnLED(0);
../Core/Src/main.c(808): warning:  #188-D: enumerated type mixed with another type
    AML_DebugDevice_TurnOnLED(1);
../Core/Src/main.c(948): warning:  #188-D: enumerated type mixed with another type
      AML_DebugDevice_TurnOnLED(ReadButton);
../Core/Src/main.c(950): warning:  #188-D: enumerated type mixed with another type
      AML_DebugDevice_TurnOffLED(ReadButton);
../Core/Src/main.c(1037): warning:  #188-D: enumerated type mixed with another type
      AML_DebugDevice_TurnOnLED(ReadButton);
../Core/Src/main.c(1039): warning:  #188-D: enumerated type mixed with another type
      AML_DebugDevice_TurnOffLED(ReadButton);
../Core/Src/main.c(1045): warning:  #188-D: enumerated type mixed with another type
      AML_DebugDevice_TurnOnLED(ReadButton);
../Core/Src/main.c(1047): warning:  #188-D: enumerated type mixed with another type
      AML_DebugDevice_TurnOffLED(ReadButton);
../Core/Src/main.c(1053): warning:  #188-D: enumerated type mixed with another type
      AML_DebugDevice_TurnOnLED(ReadButton);
../Core/Src/main.c(1055): warning:  #188-D: enumerated type mixed with another type
      AML_DebugDevice_TurnOffLED(ReadButton);
../Core/Src/main.c(1061): warning:  #188-D: enumerated type mixed with another type
      AML_DebugDevice_TurnOnLED(ReadButton);
../Core/Src/main.c(1063): warning:  #188-D: enumerated type mixed with another type
      AML_DebugDevice_TurnOffLED(ReadButton);
../Core/Src/main.c(1069): warning:  #188-D: enumerated type mixed with another type
      AML_DebugDevice_TurnOnLED(ReadButton);
../Core/Src/main.c(1071): warning:  #188-D: enumerated type mixed with another type
      AML_DebugDevice_TurnOffLED(ReadButton);
../Core/Src/main.c(1189): warning:  #111-D: statement is unreachable
    direction = centerMovement(&cell_walls_info, &c, direction);
../Core/Src/main.c(1289): warning:  #111-D: statement is unreachable
    shortestPath(&distances, &c, &cell_walls_info, direction, direction, &update_stack);
../Core/Src/main.c(1401): warning:  #223-D: function "API_ackReset" declared implicitly
    API_ackReset();
../Core/Src/main.c: 53 warnings, 5 errors
compiling solver.c...
../Core/Inc/solver.h(59): warning:  #1295-D: Deprecated declaration searchRun - give arg types
  void searchRun();
../Core/Inc/solver.h(60): warning:  #1295-D: Deprecated declaration searchCenterToStart - give arg types
  void searchCenterToStart();
../Core/Inc/solver.h(61): warning:  #1295-D: Deprecated declaration firstFastRun - give arg types
  void firstFastRun();
../Core/Inc/solver.h(62): warning:  #1295-D: Deprecated declaration loopRun - give arg types
  void loopRun();
../Core/Inc/solver.h(64): warning:  #1295-D: Deprecated declaration markCenterWall - give arg types
  void markCenterWall();
../Core/Inc/solver.h(65): warning:  #1295-D: Deprecated declaration initialize - give arg types
  void initialize();
../Core/Inc/solver.h(66): warning:  #1295-D: Deprecated declaration updateMaze - give arg types
  void updateMaze();      // updates the maze array with the walls around the mouse's current position
../Core/Inc/solver.h(67): warning:  #1295-D: Deprecated declaration updateDistances - give arg types
  void updateDistances(); // the "floodfill" algorithm
../Core/Inc/solver.h(68): warning:  #1295-D: Deprecated declaration calculateShortestPathDistances - give arg types
  void calculateShortestPathDistances();
../Core/Inc/solver.h(69): warning:  #1295-D: Deprecated declaration fastRunWithVariableVelocity - give arg types
  void fastRunWithVariableVelocity();
../Core/Inc/solver.h(70): warning:  #1295-D: Deprecated declaration resetDistances - give arg types
  void resetDistances();
../Core/Inc/solver.h(76): warning:  #1295-D: Deprecated declaration getReachingCenter - give arg types
  int getReachingCenter();
../Core/Inc/solver.h(77): warning:  #1295-D: Deprecated declaration solver - give arg types
  Action solver();
../Core/Inc/solver.h(78): warning:  #1295-D: Deprecated declaration floodFill - give arg types
  Action floodFill();
../Core/Inc/solver.h(80): warning:  #1-D: last line of file ends without a newline
  #endif
../Core/Inc/queue.h(8): warning:  #1295-D: Deprecated declaration queue_create - give arg types
  queue queue_create();
../Core/Inc/queue.h(30): warning:  #1-D: last line of file ends without a newline
  #endif
../Core/Inc/AML_Parameter.h(62): warning:  #1-D: last line of file ends without a newline
  #endif // AML_Parameter_H
../Core/Inc/main.h(58): warning:  #1295-D: Deprecated declaration Move - give arg types
  void Move();
../Core/Inc/KalmanFilter.h(25): warning:  #1-D: last line of file ends without a newline
  #endif
../Core/Inc/AML_MotorControl.h(63): warning:  #1-D: last line of file ends without a newline
  #endif // AML_MOTORCONTROL_H
../Core/Inc/AML_DebugDevice.h(29): warning:  #1295-D: Deprecated declaration AML_DebugDevice_ToggleAllLED - give arg types
  void AML_DebugDevice_ToggleAllLED();
../Core/Inc/AML_Remote.h(17): warning:  #1-D: last line of file ends without a newline
  #endif // AML_REMOTE_H
../Core/Inc/AML_LaserSensor.h(29): warning:  #1295-D: Deprecated declaration AML_LaserSensor_IsLeftWall - give arg types
  uint8_t AML_LaserSensor_IsLeftWall();
../Core/Inc/AML_LaserSensor.h(30): warning:  #1295-D: Deprecated declaration AML_LaserSensor_IsFrontWall - give arg types
  uint8_t AML_LaserSensor_IsFrontWall();
../Core/Inc/AML_LaserSensor.h(31): warning:  #1295-D: Deprecated declaration AML_LaserSensor_IsRightWall - give arg types
  uint8_t AML_LaserSensor_IsRightWall();
../Core/Inc/AML_LaserSensor.h(33): warning:  #1-D: last line of file ends without a newline
  #endif
../Core/Inc/AML_Encoder.h(13): warning:  #1-D: last line of file ends without a newline
  #endif // AML_ENCODER_H
../Core/Inc/AML_PID.h(38): warning:  #1-D: last line of file ends without a newline
  #endif // AML_PID_H
../Core/Inc/flood.h(32): warning:  #47-D: incompatible redefinition of macro "FLOOD_LEFT_WALL"  (declared at line 27 of "../Core/Inc/AML_Parameter.h")
  #define FLOOD_LEFT_WALL 300
../Core/Inc/flood.h(33): warning:  #47-D: incompatible redefinition of macro "FLOOD_RIGHT_WALL"  (declared at line 26 of "../Core/Inc/AML_Parameter.h")
  #define FLOOD_RIGHT_WALL 300
../Core/Inc/AML_MotorControl.h(63): warning:  #1-D: last line of file ends without a newline
  #endif // AML_MOTORCONTROL_H
..\Core\Src\solver.c(31): warning:  #1295-D: Deprecated declaration initialize - give arg types
  void initialize();
..\Core\Src\solver.c(32): warning:  #1295-D: Deprecated declaration updateMaze - give arg types
  void updateMaze();
..\Core\Src\solver.c(35): warning:  #1295-D: Deprecated declaration updateDistances - give arg types
  void updateDistances();
..\Core\Src\solver.c(36): warning:  #1295-D: Deprecated declaration resetDistances - give arg types
  void resetDistances();
..\Core\Src\solver.c(41): warning:  #1295-D: Deprecated declaration solver - give arg types
  Action solver();
..\Core\Src\solver.c(42): warning:  #1295-D: Deprecated declaration fastRunSolver - give arg types
  Action fastRunSolver();
..\Core\Src\solver.c(43): warning:  #1295-D: Deprecated declaration floodFill - give arg types
  Action floodFill();
..\Core\Src\solver.c(44): warning:  #1295-D: Deprecated declaration fastRunWithVariableVelocity - give arg types
  void fastRunWithVariableVelocity();
..\Core\Src\solver.c(45): warning:  #1295-D: Deprecated declaration getReachingCenter - give arg types
  int getReachingCenter();
..\Core\Src\solver.c(120): warning:  #188-D: enumerated type mixed with another type
      heading = NORTH;
..\Core\Src\solver.c(167): warning:  #223-D: function "moveForwardWithVariableVelocity" declared implicitly
          moveForwardWithVariableVelocity(path.steps);
..\Core\Src\solver.c(189): warning:  #188-D: enumerated type mixed with another type
      updateHeading(path.action);
..\Core\Src\solver.c(198): warning:  #188-D: enumerated type mixed with another type
      heading = direction;
..\Core\Src\solver.c(519): warning:  #188-D: enumerated type mixed with another type
          if (isWallInDirection(x, y, NORTH) == 0 && distances[x][y + 1] == -1)
..\Core\Src\solver.c(525): warning:  #188-D: enumerated type mixed with another type
          if (isWallInDirection(x, y, EAST) == 0 && distances[x + 1][y] == -1)
..\Core\Src\solver.c(531): warning:  #188-D: enumerated type mixed with another type
          if (isWallInDirection(x, y, SOUTH) == 0 && distances[x][y - 1] == -1)
..\Core\Src\solver.c(537): warning:  #188-D: enumerated type mixed with another type
          if (isWallInDirection(x, y, WEST) == 0 && distances[x - 1][y] == -1)
..\Core\Src\solver.c(599): warning:  #188-D: enumerated type mixed with another type
          if (isWallInDirection(x, y, NORTH) == 0 && distances[x][y + 1] == -1)
..\Core\Src\solver.c(605): warning:  #188-D: enumerated type mixed with another type
          if (isWallInDirection(x, y, EAST) == 0 && distances[x + 1][y] == -1)
..\Core\Src\solver.c(611): warning:  #188-D: enumerated type mixed with another type
          if (isWallInDirection(x, y, SOUTH) == 0 && distances[x][y - 1] == -1)
..\Core\Src\solver.c(617): warning:  #188-D: enumerated type mixed with another type
          if (isWallInDirection(x, y, WEST) == 0 && distances[x - 1][y] == -1)
..\Core\Src\solver.c(629): error:  #159: declaration is incompatible with previous "moveForwardWithVariableVelocity"  (declared at line 167)
  void moveForwardWithVariableVelocity(int steps)
..\Core\Src\solver.c(648): warning:  #188-D: enumerated type mixed with another type
              heading = WEST;
..\Core\Src\solver.c(651): warning:  #188-D: enumerated type mixed with another type
              heading = NORTH;
..\Core\Src\solver.c(654): warning:  #188-D: enumerated type mixed with another type
              heading = EAST;
..\Core\Src\solver.c(657): warning:  #188-D: enumerated type mixed with another type
              heading = SOUTH;
..\Core\Src\solver.c(668): warning:  #188-D: enumerated type mixed with another type
              heading = EAST;
..\Core\Src\solver.c(671): warning:  #188-D: enumerated type mixed with another type
              heading = SOUTH;
..\Core\Src\solver.c(674): warning:  #188-D: enumerated type mixed with another type
              heading = WEST;
..\Core\Src\solver.c(677): warning:  #188-D: enumerated type mixed with another type
              heading = NORTH;
..\Core\Src\solver.c(773): warning:  #188-D: enumerated type mixed with another type
          if (!isWallInDirection(position.x, position.y, NORTH) && distances[position.x][position.y + 1] < least_distance)
..\Core\Src\solver.c(778): warning:  #188-D: enumerated type mixed with another type
          if (!isWallInDirection(position.x, position.y, EAST) && distances[position.x + 1][position.y] < least_distance)
..\Core\Src\solver.c(783): warning:  #188-D: enumerated type mixed with another type
          if (!isWallInDirection(position.x, position.y, WEST) && distances[position.x - 1][position.y] < least_distance)
..\Core\Src\solver.c(791): warning:  #188-D: enumerated type mixed with another type
          if (!isWallInDirection(position.x, position.y, EAST) && distances[position.x + 1][position.y] < least_distance)
..\Core\Src\solver.c(796): warning:  #188-D: enumerated type mixed with another type
          if (!isWallInDirection(position.x, position.y, SOUTH) && distances[position.x][position.y - 1] < least_distance)
..\Core\Src\solver.c(801): warning:  #188-D: enumerated type mixed with another type
          if (!isWallInDirection(position.x, position.y, NORTH) && distances[position.x][position.y + 1] < least_distance)
..\Core\Src\solver.c(809): warning:  #188-D: enumerated type mixed with another type
          if (!isWallInDirection(position.x, position.y, SOUTH) && distances[position.x][position.y - 1] < least_distance)
..\Core\Src\solver.c(814): warning:  #188-D: enumerated type mixed with another type
          if (!isWallInDirection(position.x, position.y, WEST) && distances[position.x - 1][position.y] < least_distance)
..\Core\Src\solver.c(819): warning:  #188-D: enumerated type mixed with another type
          if (!isWallInDirection(position.x, position.y, EAST) && distances[position.x + 1][position.y] < least_distance)
..\Core\Src\solver.c(827): warning:  #188-D: enumerated type mixed with another type
          if (!isWallInDirection(position.x, position.y, WEST) && distances[position.x - 1][position.y] < least_distance)
..\Core\Src\solver.c(832): warning:  #188-D: enumerated type mixed with another type
          if (!isWallInDirection(position.x, position.y, NORTH) && distances[position.x][position.y + 1] < least_distance)
..\Core\Src\solver.c(837): warning:  #188-D: enumerated type mixed with another type
          if (!isWallInDirection(position.x, position.y, SOUTH) && distances[position.x][position.y - 1] < least_distance)
..\Core\Src\solver.c: 73 warnings, 1 error
"PCB_V1\PCB_V1.axf" - 6 Error(s), 126 Warning(s).
Target not created.
Build Time Elapsed:  00:00:02
