ARM GAS  C:\Users\anmh1\AppData\Local\Temp\ccVz2oPy.s 			page 1


   1              		.cpu cortex-m4
   2              		.eabi_attribute 27, 1
   3              		.eabi_attribute 28, 1
   4              		.eabi_attribute 20, 1
   5              		.eabi_attribute 21, 1
   6              		.eabi_attribute 23, 3
   7              		.eabi_attribute 24, 1
   8              		.eabi_attribute 25, 1
   9              		.eabi_attribute 26, 1
  10              		.eabi_attribute 30, 1
  11              		.eabi_attribute 34, 1
  12              		.eabi_attribute 18, 4
  13              		.file	"AML_Encoder.c"
  14              		.text
  15              	.Ltext0:
  16              		.cfi_sections	.debug_frame
  17              		.section	.text.AML_Encoder_Setup,"ax",%progbits
  18              		.align	1
  19              		.global	AML_Encoder_Setup
  20              		.arch armv7e-m
  21              		.syntax unified
  22              		.thumb
  23              		.thumb_func
  24              		.fpu fpv4-sp-d16
  26              	AML_Encoder_Setup:
  27              	.LFB130:
  28              		.file 1 "Core/Src/AML_Encoder.c"
   1:Core/Src/AML_Encoder.c **** #include "AML_Encoder.h"
   2:Core/Src/AML_Encoder.c **** 
   3:Core/Src/AML_Encoder.c **** extern TIM_HandleTypeDef htim1;
   4:Core/Src/AML_Encoder.c **** extern TIM_HandleTypeDef htim4;
   5:Core/Src/AML_Encoder.c **** 
   6:Core/Src/AML_Encoder.c **** int16_t EncoderValue = 0;
   7:Core/Src/AML_Encoder.c **** 
   8:Core/Src/AML_Encoder.c **** 
   9:Core/Src/AML_Encoder.c **** void AML_Encoder_Setup()
  10:Core/Src/AML_Encoder.c **** {
  29              		.loc 1 10 1 view -0
  30              		.cfi_startproc
  31              		@ args = 0, pretend = 0, frame = 0
  32              		@ frame_needed = 0, uses_anonymous_args = 0
  33 0000 08B5     		push	{r3, lr}
  34              		.cfi_def_cfa_offset 8
  35              		.cfi_offset 3, -8
  36              		.cfi_offset 14, -4
  11:Core/Src/AML_Encoder.c ****     HAL_TIM_Encoder_Start(&htim1, TIM_CHANNEL_ALL);  // left encoder
  37              		.loc 1 11 5 view .LVU1
  38 0002 3C21     		movs	r1, #60
  39 0004 0348     		ldr	r0, .L3
  40 0006 FFF7FEFF 		bl	HAL_TIM_Encoder_Start
  41              	.LVL0:
  12:Core/Src/AML_Encoder.c ****     HAL_TIM_Encoder_Start(&htim4, TIM_CHANNEL_ALL);  // right encoder
  42              		.loc 1 12 5 view .LVU2
  43 000a 3C21     		movs	r1, #60
  44 000c 0248     		ldr	r0, .L3+4
  45 000e FFF7FEFF 		bl	HAL_TIM_Encoder_Start
  46              	.LVL1:
ARM GAS  C:\Users\anmh1\AppData\Local\Temp\ccVz2oPy.s 			page 2


  13:Core/Src/AML_Encoder.c ****   
  14:Core/Src/AML_Encoder.c **** 
  15:Core/Src/AML_Encoder.c **** }
  47              		.loc 1 15 1 is_stmt 0 view .LVU3
  48 0012 08BD     		pop	{r3, pc}
  49              	.L4:
  50              		.align	2
  51              	.L3:
  52 0014 00000000 		.word	htim1
  53 0018 00000000 		.word	htim4
  54              		.cfi_endproc
  55              	.LFE130:
  57              		.section	.text.AML_Encoder_GetLeftValue,"ax",%progbits
  58              		.align	1
  59              		.global	AML_Encoder_GetLeftValue
  60              		.syntax unified
  61              		.thumb
  62              		.thumb_func
  63              		.fpu fpv4-sp-d16
  65              	AML_Encoder_GetLeftValue:
  66              	.LFB131:
  16:Core/Src/AML_Encoder.c **** 
  17:Core/Src/AML_Encoder.c **** int16_t AML_Encoder_GetLeftValue()
  18:Core/Src/AML_Encoder.c **** {
  67              		.loc 1 18 1 is_stmt 1 view -0
  68              		.cfi_startproc
  69              		@ args = 0, pretend = 0, frame = 0
  70              		@ frame_needed = 0, uses_anonymous_args = 0
  71              		@ link register save eliminated.
  19:Core/Src/AML_Encoder.c ****     EncoderValue = (int16_t)__HAL_TIM_GET_COUNTER(&htim1);
  72              		.loc 1 19 5 view .LVU5
  73              		.loc 1 19 29 is_stmt 0 view .LVU6
  74 0000 034B     		ldr	r3, .L6
  75 0002 1B68     		ldr	r3, [r3]
  76 0004 586A     		ldr	r0, [r3, #36]
  77              		.loc 1 19 20 view .LVU7
  78 0006 00B2     		sxth	r0, r0
  79              		.loc 1 19 18 view .LVU8
  80 0008 024B     		ldr	r3, .L6+4
  81 000a 1880     		strh	r0, [r3]	@ movhi
  20:Core/Src/AML_Encoder.c ****     return EncoderValue;
  82              		.loc 1 20 5 is_stmt 1 view .LVU9
  21:Core/Src/AML_Encoder.c **** }
  83              		.loc 1 21 1 is_stmt 0 view .LVU10
  84 000c 7047     		bx	lr
  85              	.L7:
  86 000e 00BF     		.align	2
  87              	.L6:
  88 0010 00000000 		.word	htim1
  89 0014 00000000 		.word	.LANCHOR0
  90              		.cfi_endproc
  91              	.LFE131:
  93              		.section	.text.AML_Encoder_ResetLeftValue,"ax",%progbits
  94              		.align	1
  95              		.global	AML_Encoder_ResetLeftValue
  96              		.syntax unified
  97              		.thumb
ARM GAS  C:\Users\anmh1\AppData\Local\Temp\ccVz2oPy.s 			page 3


  98              		.thumb_func
  99              		.fpu fpv4-sp-d16
 101              	AML_Encoder_ResetLeftValue:
 102              	.LFB132:
  22:Core/Src/AML_Encoder.c **** 
  23:Core/Src/AML_Encoder.c **** void AML_Encoder_ResetLeftValue()
  24:Core/Src/AML_Encoder.c **** {
 103              		.loc 1 24 1 is_stmt 1 view -0
 104              		.cfi_startproc
 105              		@ args = 0, pretend = 0, frame = 0
 106              		@ frame_needed = 0, uses_anonymous_args = 0
 107              		@ link register save eliminated.
  25:Core/Src/AML_Encoder.c ****     __HAL_TIM_SET_COUNTER(&htim1, 0);
 108              		.loc 1 25 5 view .LVU12
 109 0000 024B     		ldr	r3, .L9
 110 0002 1B68     		ldr	r3, [r3]
 111 0004 0022     		movs	r2, #0
 112 0006 5A62     		str	r2, [r3, #36]
  26:Core/Src/AML_Encoder.c **** }
 113              		.loc 1 26 1 is_stmt 0 view .LVU13
 114 0008 7047     		bx	lr
 115              	.L10:
 116 000a 00BF     		.align	2
 117              	.L9:
 118 000c 00000000 		.word	htim1
 119              		.cfi_endproc
 120              	.LFE132:
 122              		.section	.text.AML_Encoder_GetRightValue,"ax",%progbits
 123              		.align	1
 124              		.global	AML_Encoder_GetRightValue
 125              		.syntax unified
 126              		.thumb
 127              		.thumb_func
 128              		.fpu fpv4-sp-d16
 130              	AML_Encoder_GetRightValue:
 131              	.LFB133:
  27:Core/Src/AML_Encoder.c **** 
  28:Core/Src/AML_Encoder.c **** int16_t AML_Encoder_GetRightValue()
  29:Core/Src/AML_Encoder.c **** {
 132              		.loc 1 29 1 is_stmt 1 view -0
 133              		.cfi_startproc
 134              		@ args = 0, pretend = 0, frame = 0
 135              		@ frame_needed = 0, uses_anonymous_args = 0
 136              		@ link register save eliminated.
  30:Core/Src/AML_Encoder.c ****     EncoderValue = (int16_t)__HAL_TIM_GET_COUNTER(&htim4);
 137              		.loc 1 30 5 view .LVU15
 138              		.loc 1 30 29 is_stmt 0 view .LVU16
 139 0000 034B     		ldr	r3, .L12
 140 0002 1B68     		ldr	r3, [r3]
 141 0004 586A     		ldr	r0, [r3, #36]
 142              		.loc 1 30 20 view .LVU17
 143 0006 00B2     		sxth	r0, r0
 144              		.loc 1 30 18 view .LVU18
 145 0008 024B     		ldr	r3, .L12+4
 146 000a 1880     		strh	r0, [r3]	@ movhi
  31:Core/Src/AML_Encoder.c ****     return EncoderValue;
 147              		.loc 1 31 5 is_stmt 1 view .LVU19
ARM GAS  C:\Users\anmh1\AppData\Local\Temp\ccVz2oPy.s 			page 4


  32:Core/Src/AML_Encoder.c **** }
 148              		.loc 1 32 1 is_stmt 0 view .LVU20
 149 000c 7047     		bx	lr
 150              	.L13:
 151 000e 00BF     		.align	2
 152              	.L12:
 153 0010 00000000 		.word	htim4
 154 0014 00000000 		.word	.LANCHOR0
 155              		.cfi_endproc
 156              	.LFE133:
 158              		.section	.text.AML_Encoder_ResetRightValue,"ax",%progbits
 159              		.align	1
 160              		.global	AML_Encoder_ResetRightValue
 161              		.syntax unified
 162              		.thumb
 163              		.thumb_func
 164              		.fpu fpv4-sp-d16
 166              	AML_Encoder_ResetRightValue:
 167              	.LFB134:
  33:Core/Src/AML_Encoder.c **** 
  34:Core/Src/AML_Encoder.c **** void AML_Encoder_ResetRightValue()
  35:Core/Src/AML_Encoder.c **** {
 168              		.loc 1 35 1 is_stmt 1 view -0
 169              		.cfi_startproc
 170              		@ args = 0, pretend = 0, frame = 0
 171              		@ frame_needed = 0, uses_anonymous_args = 0
 172              		@ link register save eliminated.
  36:Core/Src/AML_Encoder.c ****     __HAL_TIM_SET_COUNTER(&htim4, 0);
 173              		.loc 1 36 5 view .LVU22
 174 0000 024B     		ldr	r3, .L15
 175 0002 1B68     		ldr	r3, [r3]
 176 0004 0022     		movs	r2, #0
 177 0006 5A62     		str	r2, [r3, #36]
  37:Core/Src/AML_Encoder.c **** }...
 178              		.loc 1 37 1 is_stmt 0 view .LVU23
 179 0008 7047     		bx	lr
 180              	.L16:
 181 000a 00BF     		.align	2
 182              	.L15:
 183 000c 00000000 		.word	htim4
 184              		.cfi_endproc
 185              	.LFE134:
 187              		.global	EncoderValue
 188              		.section	.bss.EncoderValue,"aw",%nobits
 189              		.align	1
 190              		.set	.LANCHOR0,. + 0
 193              	EncoderValue:
 194 0000 0000     		.space	2
 195              		.text
 196              	.Letext0:
 197              		.file 2 "c:\\make\\test\\gcc-arm-none-eabi-9-2019-q4-major-win32\\arm-none-eabi\\include\\machine\
 198              		.file 3 "c:\\make\\test\\gcc-arm-none-eabi-9-2019-q4-major-win32\\arm-none-eabi\\include\\sys\\_st
 199              		.file 4 "Drivers/CMSIS/Include/core_cm4.h"
 200              		.file 5 "Drivers/CMSIS/Device/ST/STM32F4xx/Include/system_stm32f4xx.h"
 201              		.file 6 "Drivers/CMSIS/Device/ST/STM32F4xx/Include/stm32f407xx.h"
 202              		.file 7 "Drivers/STM32F4xx_HAL_Driver/Inc/stm32f4xx_hal_def.h"
 203              		.file 8 "Drivers/STM32F4xx_HAL_Driver/Inc/stm32f4xx_hal_dma.h"
ARM GAS  C:\Users\anmh1\AppData\Local\Temp\ccVz2oPy.s 			page 5


 204              		.file 9 "Drivers/STM32F4xx_HAL_Driver/Inc/stm32f4xx_hal_tim.h"
 205              		.file 10 "Drivers/STM32F4xx_HAL_Driver/Inc/stm32f4xx_hal.h"
ARM GAS  C:\Users\anmh1\AppData\Local\Temp\ccVz2oPy.s 			page 6


DEFINED SYMBOLS
                            *ABS*:00000000 AML_Encoder.c
C:\Users\anmh1\AppData\Local\Temp\ccVz2oPy.s:18     .text.AML_Encoder_Setup:00000000 $t
C:\Users\anmh1\AppData\Local\Temp\ccVz2oPy.s:26     .text.AML_Encoder_Setup:00000000 AML_Encoder_Setup
C:\Users\anmh1\AppData\Local\Temp\ccVz2oPy.s:52     .text.AML_Encoder_Setup:00000014 $d
C:\Users\anmh1\AppData\Local\Temp\ccVz2oPy.s:58     .text.AML_Encoder_GetLeftValue:00000000 $t
C:\Users\anmh1\AppData\Local\Temp\ccVz2oPy.s:65     .text.AML_Encoder_GetLeftValue:00000000 AML_Encoder_GetLeftValue
C:\Users\anmh1\AppData\Local\Temp\ccVz2oPy.s:88     .text.AML_Encoder_GetLeftValue:00000010 $d
C:\Users\anmh1\AppData\Local\Temp\ccVz2oPy.s:94     .text.AML_Encoder_ResetLeftValue:00000000 $t
C:\Users\anmh1\AppData\Local\Temp\ccVz2oPy.s:101    .text.AML_Encoder_ResetLeftValue:00000000 AML_Encoder_ResetLeftValue
C:\Users\anmh1\AppData\Local\Temp\ccVz2oPy.s:118    .text.AML_Encoder_ResetLeftValue:0000000c $d
C:\Users\anmh1\AppData\Local\Temp\ccVz2oPy.s:123    .text.AML_Encoder_GetRightValue:00000000 $t
C:\Users\anmh1\AppData\Local\Temp\ccVz2oPy.s:130    .text.AML_Encoder_GetRightValue:00000000 AML_Encoder_GetRightValue
C:\Users\anmh1\AppData\Local\Temp\ccVz2oPy.s:153    .text.AML_Encoder_GetRightValue:00000010 $d
C:\Users\anmh1\AppData\Local\Temp\ccVz2oPy.s:159    .text.AML_Encoder_ResetRightValue:00000000 $t
C:\Users\anmh1\AppData\Local\Temp\ccVz2oPy.s:166    .text.AML_Encoder_ResetRightValue:00000000 AML_Encoder_ResetRightValue
C:\Users\anmh1\AppData\Local\Temp\ccVz2oPy.s:183    .text.AML_Encoder_ResetRightValue:0000000c $d
C:\Users\anmh1\AppData\Local\Temp\ccVz2oPy.s:193    .bss.EncoderValue:00000000 EncoderValue
C:\Users\anmh1\AppData\Local\Temp\ccVz2oPy.s:189    .bss.EncoderValue:00000000 $d

UNDEFINED SYMBOLS
HAL_TIM_Encoder_Start
htim1
htim4
