ARM GAS  C:\Users\anmh1\AppData\Local\Temp\cciD2LVN.s 			page 1


   1              		.cpu cortex-m4
   2              		.eabi_attribute 27, 1
   3              		.eabi_attribute 28, 1
   4              		.eabi_attribute 20, 1
   5              		.eabi_attribute 21, 1
   6              		.eabi_attribute 23, 3
   7              		.eabi_attribute 24, 1
   8              		.eabi_attribute 25, 1
   9              		.eabi_attribute 26, 1
  10              		.eabi_attribute 30, 1
  11              		.eabi_attribute 34, 1
  12              		.eabi_attribute 18, 4
  13              		.file	"AML_MotorControl.c"
  14              		.text
  15              	.Ltext0:
  16              		.cfi_sections	.debug_frame
  17              		.global	__aeabi_dcmpgt
  18              		.section	.text.ABS,"ax",%progbits
  19              		.align	1
  20              		.global	ABS
  21              		.arch armv7e-m
  22              		.syntax unified
  23              		.thumb
  24              		.thumb_func
  25              		.fpu fpv4-sp-d16
  27              	ABS:
  28              	.LVL0:
  29              	.LFB133:
  30              		.file 1 "Core/Src/AML_MotorControl.c"
   1:Core/Src/AML_MotorControl.c **** #include "AML_MotorControl.h"
   2:Core/Src/AML_MotorControl.c **** 
   3:Core/Src/AML_MotorControl.c **** #define Pi 3.14159265359
   4:Core/Src/AML_MotorControl.c **** #define WheelDiameter 48
   5:Core/Src/AML_MotorControl.c **** #define Ratio 90 / 14
   6:Core/Src/AML_MotorControl.c **** 
   7:Core/Src/AML_MotorControl.c **** extern TIM_HandleTypeDef htim2;
   8:Core/Src/AML_MotorControl.c **** extern int32_t LeftEncoderValue, RightEncoderValue;
   9:Core/Src/AML_MotorControl.c **** int32_t PreviousLeftEncoderValue = 0, PreviousRightEncoderValue = 0;
  10:Core/Src/AML_MotorControl.c **** 
  11:Core/Src/AML_MotorControl.c **** short direction = 1;
  12:Core/Src/AML_MotorControl.c **** uint32_t period = (16000000 / 5000) - 1;
  13:Core/Src/AML_MotorControl.c **** 
  14:Core/Src/AML_MotorControl.c **** PID_TypeDef PID_SpeedLeft;
  15:Core/Src/AML_MotorControl.c **** PID_TypeDef PID_SpeedRight;
  16:Core/Src/AML_MotorControl.c **** 
  17:Core/Src/AML_MotorControl.c **** PID_TypeDef PID_PositionLeft;
  18:Core/Src/AML_MotorControl.c **** PID_TypeDef PID_PositionRight;
  19:Core/Src/AML_MotorControl.c **** 
  20:Core/Src/AML_MotorControl.c **** double Input_Left, Output_Left, Setpoint_Left;
  21:Core/Src/AML_MotorControl.c **** double Input_Right, Output_Right, Setpoint_Right;
  22:Core/Src/AML_MotorControl.c **** 
  23:Core/Src/AML_MotorControl.c **** double Speed_Kp_Left = 3.0;
  24:Core/Src/AML_MotorControl.c **** double Speed_Ki_Left = 1.0;
  25:Core/Src/AML_MotorControl.c **** double Speed_Kd_Left = 0;
  26:Core/Src/AML_MotorControl.c **** 
  27:Core/Src/AML_MotorControl.c **** double Speed_Kp_Right = 2.0;
  28:Core/Src/AML_MotorControl.c **** double Speed_Ki_Right = 1.0;
ARM GAS  C:\Users\anmh1\AppData\Local\Temp\cciD2LVN.s 			page 2


  29:Core/Src/AML_MotorControl.c **** double Speed_Kd_Right = 0;
  30:Core/Src/AML_MotorControl.c **** 
  31:Core/Src/AML_MotorControl.c **** double Position_Kp = 0.005;
  32:Core/Src/AML_MotorControl.c **** double Position_Ki = 0.007;
  33:Core/Src/AML_MotorControl.c **** double Position_Kd = 0.0;
  34:Core/Src/AML_MotorControl.c **** 
  35:Core/Src/AML_MotorControl.c **** short OutputMin = 0;
  36:Core/Src/AML_MotorControl.c **** short OutputMax = 80;
  37:Core/Src/AML_MotorControl.c **** 
  38:Core/Src/AML_MotorControl.c **** int64_t PreviousTime = 0;
  39:Core/Src/AML_MotorControl.c **** 
  40:Core/Src/AML_MotorControl.c **** double ABS(double value)
  41:Core/Src/AML_MotorControl.c **** {
  31              		.loc 1 41 1 view -0
  32              		.cfi_startproc
  33              		@ args = 0, pretend = 0, frame = 0
  34              		@ frame_needed = 0, uses_anonymous_args = 0
  35              		.loc 1 41 1 is_stmt 0 view .LVU1
  36 0000 38B5     		push	{r3, r4, r5, lr}
  37              		.cfi_def_cfa_offset 16
  38              		.cfi_offset 3, -16
  39              		.cfi_offset 4, -12
  40              		.cfi_offset 5, -8
  41              		.cfi_offset 14, -4
  42 0002 55EC104B 		vmov	r4, r5, d0
  42:Core/Src/AML_MotorControl.c ****     return value > 0 ? value : -value;
  43              		.loc 1 42 5 is_stmt 1 view .LVU2
  44              		.loc 1 42 30 is_stmt 0 view .LVU3
  45 0006 0022     		movs	r2, #0
  46 0008 0023     		movs	r3, #0
  47 000a 10EE100A 		vmov	r0, s0	@ int
  48 000e 2946     		mov	r1, r5
  49 0010 FFF7FEFF 		bl	__aeabi_dcmpgt
  50              	.LVL1:
  51              		.loc 1 42 30 view .LVU4
  52 0014 10B1     		cbz	r0, .L4
  53              	.L2:
  43:Core/Src/AML_MotorControl.c **** }
  54              		.loc 1 43 1 discriminator 4 view .LVU5
  55 0016 45EC104B 		vmov	d0, r4, r5
  56 001a 38BD     		pop	{r3, r4, r5, pc}
  57              	.LVL2:
  58              	.L4:
  42:Core/Src/AML_MotorControl.c ****     return value > 0 ? value : -value;
  59              		.loc 1 42 30 discriminator 2 view .LVU6
  60 001c 05F10043 		add	r3, r5, #-2147483648
  61 0020 1D46     		mov	r5, r3
  62 0022 F8E7     		b	.L2
  63              		.cfi_endproc
  64              	.LFE133:
  66              		.section	.text.AML_MotorControl_PIDSetSampleTime,"ax",%progbits
  67              		.align	1
  68              		.global	AML_MotorControl_PIDSetSampleTime
  69              		.syntax unified
  70              		.thumb
  71              		.thumb_func
  72              		.fpu fpv4-sp-d16
ARM GAS  C:\Users\anmh1\AppData\Local\Temp\cciD2LVN.s 			page 3


  74              	AML_MotorControl_PIDSetSampleTime:
  75              	.LVL3:
  76              	.LFB134:
  44:Core/Src/AML_MotorControl.c **** 
  45:Core/Src/AML_MotorControl.c **** // void AML_MotorControl_PIDSetTunings(double Kp, double Ki, double Kd)
  46:Core/Src/AML_MotorControl.c **** // {
  47:Core/Src/AML_MotorControl.c **** //     PID_SpeedLeft.Kp = Kp;
  48:Core/Src/AML_MotorControl.c **** //     PID_SpeedLeft.Ki = Ki;
  49:Core/Src/AML_MotorControl.c **** //     PID_SpeedLeft.Kd = Kd;
  50:Core/Src/AML_MotorControl.c **** 
  51:Core/Src/AML_MotorControl.c **** //     PID_SpeedRight.Kp = Kp;
  52:Core/Src/AML_MotorControl.c **** //     PID_SpeedRight.Ki = Ki;
  53:Core/Src/AML_MotorControl.c **** //     PID_SpeedRight.Kd = Kd;
  54:Core/Src/AML_MotorControl.c **** // }
  55:Core/Src/AML_MotorControl.c **** 
  56:Core/Src/AML_MotorControl.c **** void AML_MotorControl_PIDSetSampleTime(uint32_t NewSampleTime)
  57:Core/Src/AML_MotorControl.c **** {
  77              		.loc 1 57 1 is_stmt 1 view -0
  78              		.cfi_startproc
  79              		@ args = 0, pretend = 0, frame = 0
  80              		@ frame_needed = 0, uses_anonymous_args = 0
  81              		@ link register save eliminated.
  58:Core/Src/AML_MotorControl.c ****     PID_SpeedLeft.SampleTime = NewSampleTime;
  82              		.loc 1 58 5 view .LVU8
  83              		.loc 1 58 30 is_stmt 0 view .LVU9
  84 0000 044B     		ldr	r3, .L6
  85 0002 9860     		str	r0, [r3, #8]
  59:Core/Src/AML_MotorControl.c ****     PID_SpeedRight.SampleTime = NewSampleTime;
  86              		.loc 1 59 5 is_stmt 1 view .LVU10
  87              		.loc 1 59 31 is_stmt 0 view .LVU11
  88 0004 044B     		ldr	r3, .L6+4
  89 0006 9860     		str	r0, [r3, #8]
  60:Core/Src/AML_MotorControl.c **** 
  61:Core/Src/AML_MotorControl.c ****     PID_PositionLeft.SampleTime = NewSampleTime;
  90              		.loc 1 61 5 is_stmt 1 view .LVU12
  91              		.loc 1 61 33 is_stmt 0 view .LVU13
  92 0008 044B     		ldr	r3, .L6+8
  93 000a 9860     		str	r0, [r3, #8]
  62:Core/Src/AML_MotorControl.c ****     PID_PositionRight.SampleTime = NewSampleTime;
  94              		.loc 1 62 5 is_stmt 1 view .LVU14
  95              		.loc 1 62 34 is_stmt 0 view .LVU15
  96 000c 044B     		ldr	r3, .L6+12
  97 000e 9860     		str	r0, [r3, #8]
  63:Core/Src/AML_MotorControl.c **** }
  98              		.loc 1 63 1 view .LVU16
  99 0010 7047     		bx	lr
 100              	.L7:
 101 0012 00BF     		.align	2
 102              	.L6:
 103 0014 00000000 		.word	PID_SpeedLeft
 104 0018 00000000 		.word	PID_SpeedRight
 105 001c 00000000 		.word	PID_PositionLeft
 106 0020 00000000 		.word	PID_PositionRight
 107              		.cfi_endproc
 108              	.LFE134:
 110              		.section	.text.AML_MotorControl_PIDSetOutputLimits,"ax",%progbits
 111              		.align	1
ARM GAS  C:\Users\anmh1\AppData\Local\Temp\cciD2LVN.s 			page 4


 112              		.global	AML_MotorControl_PIDSetOutputLimits
 113              		.syntax unified
 114              		.thumb
 115              		.thumb_func
 116              		.fpu fpv4-sp-d16
 118              	AML_MotorControl_PIDSetOutputLimits:
 119              	.LVL4:
 120              	.LFB135:
  64:Core/Src/AML_MotorControl.c **** 
  65:Core/Src/AML_MotorControl.c **** void AML_MotorControl_PIDSetOutputLimits(double Min, double Max)
  66:Core/Src/AML_MotorControl.c **** {
 121              		.loc 1 66 1 is_stmt 1 view -0
 122              		.cfi_startproc
 123              		@ args = 0, pretend = 0, frame = 0
 124              		@ frame_needed = 0, uses_anonymous_args = 0
 125              		@ link register save eliminated.
  67:Core/Src/AML_MotorControl.c ****     PID_SpeedLeft.OutMin = Min;
 126              		.loc 1 67 5 view .LVU18
 127              		.loc 1 67 26 is_stmt 0 view .LVU19
 128 0000 0A4B     		ldr	r3, .L9
 129 0002 83ED180B 		vstr.64	d0, [r3, #96]
  68:Core/Src/AML_MotorControl.c ****     PID_SpeedLeft.OutMax = Max;
 130              		.loc 1 68 5 is_stmt 1 view .LVU20
 131              		.loc 1 68 26 is_stmt 0 view .LVU21
 132 0006 83ED1A1B 		vstr.64	d1, [r3, #104]
  69:Core/Src/AML_MotorControl.c **** 
  70:Core/Src/AML_MotorControl.c ****     PID_SpeedRight.OutMin = Min;
 133              		.loc 1 70 5 is_stmt 1 view .LVU22
 134              		.loc 1 70 27 is_stmt 0 view .LVU23
 135 000a 094B     		ldr	r3, .L9+4
 136 000c 83ED180B 		vstr.64	d0, [r3, #96]
  71:Core/Src/AML_MotorControl.c ****     PID_SpeedRight.OutMax = Max;
 137              		.loc 1 71 5 is_stmt 1 view .LVU24
 138              		.loc 1 71 27 is_stmt 0 view .LVU25
 139 0010 83ED1A1B 		vstr.64	d1, [r3, #104]
  72:Core/Src/AML_MotorControl.c **** 
  73:Core/Src/AML_MotorControl.c ****     PID_PositionLeft.OutMin = Min;
 140              		.loc 1 73 5 is_stmt 1 view .LVU26
 141              		.loc 1 73 29 is_stmt 0 view .LVU27
 142 0014 074B     		ldr	r3, .L9+8
 143 0016 83ED180B 		vstr.64	d0, [r3, #96]
  74:Core/Src/AML_MotorControl.c ****     PID_PositionLeft.OutMax = Max;
 144              		.loc 1 74 5 is_stmt 1 view .LVU28
 145              		.loc 1 74 29 is_stmt 0 view .LVU29
 146 001a 83ED1A1B 		vstr.64	d1, [r3, #104]
  75:Core/Src/AML_MotorControl.c **** 
  76:Core/Src/AML_MotorControl.c ****     PID_PositionRight.OutMin = Min;
 147              		.loc 1 76 5 is_stmt 1 view .LVU30
 148              		.loc 1 76 30 is_stmt 0 view .LVU31
 149 001e 064B     		ldr	r3, .L9+12
 150 0020 83ED180B 		vstr.64	d0, [r3, #96]
  77:Core/Src/AML_MotorControl.c ****     PID_PositionRight.OutMax = Max;
 151              		.loc 1 77 5 is_stmt 1 view .LVU32
 152              		.loc 1 77 30 is_stmt 0 view .LVU33
 153 0024 83ED1A1B 		vstr.64	d1, [r3, #104]
  78:Core/Src/AML_MotorControl.c **** }
 154              		.loc 1 78 1 view .LVU34
ARM GAS  C:\Users\anmh1\AppData\Local\Temp\cciD2LVN.s 			page 5


 155 0028 7047     		bx	lr
 156              	.L10:
 157 002a 00BF     		.align	2
 158              	.L9:
 159 002c 00000000 		.word	PID_SpeedLeft
 160 0030 00000000 		.word	PID_SpeedRight
 161 0034 00000000 		.word	PID_PositionLeft
 162 0038 00000000 		.word	PID_PositionRight
 163              		.cfi_endproc
 164              	.LFE135:
 166              		.section	.text.AML_MotorControl_PIDSetMode,"ax",%progbits
 167              		.align	1
 168              		.global	AML_MotorControl_PIDSetMode
 169              		.syntax unified
 170              		.thumb
 171              		.thumb_func
 172              		.fpu fpv4-sp-d16
 174              	AML_MotorControl_PIDSetMode:
 175              	.LVL5:
 176              	.LFB136:
  79:Core/Src/AML_MotorControl.c **** 
  80:Core/Src/AML_MotorControl.c **** void AML_MotorControl_PIDSetMode(PIDMode_TypeDef Mode)
  81:Core/Src/AML_MotorControl.c **** {
 177              		.loc 1 81 1 is_stmt 1 view -0
 178              		.cfi_startproc
 179              		@ args = 0, pretend = 0, frame = 0
 180              		@ frame_needed = 0, uses_anonymous_args = 0
 181              		.loc 1 81 1 is_stmt 0 view .LVU36
 182 0000 10B5     		push	{r4, lr}
 183              		.cfi_def_cfa_offset 8
 184              		.cfi_offset 4, -8
 185              		.cfi_offset 14, -4
 186 0002 0446     		mov	r4, r0
  82:Core/Src/AML_MotorControl.c ****     PID_SetMode(&PID_SpeedLeft, Mode);
 187              		.loc 1 82 5 is_stmt 1 view .LVU37
 188 0004 0146     		mov	r1, r0
 189 0006 0848     		ldr	r0, .L13
 190              	.LVL6:
 191              		.loc 1 82 5 is_stmt 0 view .LVU38
 192 0008 FFF7FEFF 		bl	PID_SetMode
 193              	.LVL7:
  83:Core/Src/AML_MotorControl.c ****     PID_SetMode(&PID_SpeedRight, Mode);
 194              		.loc 1 83 5 is_stmt 1 view .LVU39
 195 000c 2146     		mov	r1, r4
 196 000e 0748     		ldr	r0, .L13+4
 197 0010 FFF7FEFF 		bl	PID_SetMode
 198              	.LVL8:
  84:Core/Src/AML_MotorControl.c **** 
  85:Core/Src/AML_MotorControl.c ****     PID_SetMode(&PID_PositionLeft, Mode);
 199              		.loc 1 85 5 view .LVU40
 200 0014 2146     		mov	r1, r4
 201 0016 0648     		ldr	r0, .L13+8
 202 0018 FFF7FEFF 		bl	PID_SetMode
 203              	.LVL9:
  86:Core/Src/AML_MotorControl.c ****     PID_SetMode(&PID_PositionRight, Mode);
 204              		.loc 1 86 5 view .LVU41
 205 001c 2146     		mov	r1, r4
ARM GAS  C:\Users\anmh1\AppData\Local\Temp\cciD2LVN.s 			page 6


 206 001e 0548     		ldr	r0, .L13+12
 207 0020 FFF7FEFF 		bl	PID_SetMode
 208              	.LVL10:
  87:Core/Src/AML_MotorControl.c **** }
 209              		.loc 1 87 1 is_stmt 0 view .LVU42
 210 0024 10BD     		pop	{r4, pc}
 211              	.L14:
 212 0026 00BF     		.align	2
 213              	.L13:
 214 0028 00000000 		.word	PID_SpeedLeft
 215 002c 00000000 		.word	PID_SpeedRight
 216 0030 00000000 		.word	PID_PositionLeft
 217 0034 00000000 		.word	PID_PositionRight
 218              		.cfi_endproc
 219              	.LFE136:
 221              		.global	__aeabi_i2d
 222              		.section	.text.AML_MotorControl_PIDSetup,"ax",%progbits
 223              		.align	1
 224              		.global	AML_MotorControl_PIDSetup
 225              		.syntax unified
 226              		.thumb
 227              		.thumb_func
 228              		.fpu fpv4-sp-d16
 230              	AML_MotorControl_PIDSetup:
 231              	.LFB137:
  88:Core/Src/AML_MotorControl.c **** 
  89:Core/Src/AML_MotorControl.c **** void AML_MotorControl_PIDSetup()
  90:Core/Src/AML_MotorControl.c **** {
 232              		.loc 1 90 1 is_stmt 1 view -0
 233              		.cfi_startproc
 234              		@ args = 0, pretend = 0, frame = 0
 235              		@ frame_needed = 0, uses_anonymous_args = 0
 236 0000 2DE9F04F 		push	{r4, r5, r6, r7, r8, r9, r10, fp, lr}
 237              		.cfi_def_cfa_offset 36
 238              		.cfi_offset 4, -36
 239              		.cfi_offset 5, -32
 240              		.cfi_offset 6, -28
 241              		.cfi_offset 7, -24
 242              		.cfi_offset 8, -20
 243              		.cfi_offset 9, -16
 244              		.cfi_offset 10, -12
 245              		.cfi_offset 11, -8
 246              		.cfi_offset 14, -4
 247 0004 2DED028B 		vpush.64	{d8}
 248              		.cfi_def_cfa_offset 44
 249              		.cfi_offset 80, -44
 250              		.cfi_offset 81, -40
 251 0008 83B0     		sub	sp, sp, #12
 252              		.cfi_def_cfa_offset 56
  91:Core/Src/AML_MotorControl.c ****     PID_Init(&PID_SpeedLeft);
 253              		.loc 1 91 5 view .LVU44
 254 000a DFF83881 		ldr	r8, .L17+64
 255 000e 4046     		mov	r0, r8
 256 0010 FFF7FEFF 		bl	PID_Init
 257              	.LVL11:
  92:Core/Src/AML_MotorControl.c ****     PID_Init(&PID_SpeedRight);
 258              		.loc 1 92 5 view .LVU45
ARM GAS  C:\Users\anmh1\AppData\Local\Temp\cciD2LVN.s 			page 7


 259 0014 3B4F     		ldr	r7, .L17
 260 0016 3846     		mov	r0, r7
 261 0018 FFF7FEFF 		bl	PID_Init
 262              	.LVL12:
  93:Core/Src/AML_MotorControl.c **** 
  94:Core/Src/AML_MotorControl.c ****     PID_Init(&PID_PositionLeft);
 263              		.loc 1 94 5 view .LVU46
 264 001c 3A4E     		ldr	r6, .L17+4
 265 001e 3046     		mov	r0, r6
 266 0020 FFF7FEFF 		bl	PID_Init
 267              	.LVL13:
  95:Core/Src/AML_MotorControl.c ****     PID_Init(&PID_PositionRight);
 268              		.loc 1 95 5 view .LVU47
 269 0024 394D     		ldr	r5, .L17+8
 270 0026 2846     		mov	r0, r5
 271 0028 FFF7FEFF 		bl	PID_Init
 272              	.LVL14:
  96:Core/Src/AML_MotorControl.c **** 
  97:Core/Src/AML_MotorControl.c ****     PID(&PID_SpeedLeft, &Input_Left, &Output_Left, &Setpoint_Left, Speed_Kp_Left, Speed_Ki_Left, Sp
 273              		.loc 1 97 5 view .LVU48
 274 002c DFF818B1 		ldr	fp, .L17+68
 275 0030 DFF818A1 		ldr	r10, .L17+72
 276 0034 98F80330 		ldrb	r3, [r8, #3]	@ zero_extendqisi2
 277 0038 0193     		str	r3, [sp, #4]
 278 003a 0124     		movs	r4, #1
 279 003c 0094     		str	r4, [sp]
 280 003e 344B     		ldr	r3, .L17+12
 281 0040 93ED002B 		vldr.64	d2, [r3]
 282 0044 334B     		ldr	r3, .L17+16
 283 0046 93ED001B 		vldr.64	d1, [r3]
 284 004a 334B     		ldr	r3, .L17+20
 285 004c 93ED000B 		vldr.64	d0, [r3]
 286 0050 5B46     		mov	r3, fp
 287 0052 5246     		mov	r2, r10
 288 0054 3149     		ldr	r1, .L17+24
 289 0056 4046     		mov	r0, r8
 290 0058 FFF7FEFF 		bl	PID
 291              	.LVL15:
  98:Core/Src/AML_MotorControl.c ****     PID(&PID_SpeedRight, &Input_Right, &Output_Right, &Setpoint_Right, Speed_Kp_Right, Speed_Ki_Rig
 292              		.loc 1 98 5 view .LVU49
 293 005c FB78     		ldrb	r3, [r7, #3]	@ zero_extendqisi2
 294 005e 0193     		str	r3, [sp, #4]
 295 0060 0094     		str	r4, [sp]
 296 0062 2F4B     		ldr	r3, .L17+28
 297 0064 93ED002B 		vldr.64	d2, [r3]
 298 0068 2E4B     		ldr	r3, .L17+32
 299 006a 93ED001B 		vldr.64	d1, [r3]
 300 006e 2E4B     		ldr	r3, .L17+36
 301 0070 93ED000B 		vldr.64	d0, [r3]
 302 0074 2D4B     		ldr	r3, .L17+40
 303 0076 2E4A     		ldr	r2, .L17+44
 304 0078 2E49     		ldr	r1, .L17+48
 305 007a 3846     		mov	r0, r7
 306 007c FFF7FEFF 		bl	PID
 307              	.LVL16:
  99:Core/Src/AML_MotorControl.c **** 
 100:Core/Src/AML_MotorControl.c ****     PID(&PID_PositionLeft, &Input_Left, &Output_Left, &Setpoint_Left, Position_Kp, Position_Ki, Pos
ARM GAS  C:\Users\anmh1\AppData\Local\Temp\cciD2LVN.s 			page 8


 308              		.loc 1 100 5 view .LVU50
 309 0080 DFF8CC90 		ldr	r9, .L17+76
 310 0084 DFF8CC80 		ldr	r8, .L17+80
 311 0088 2B4F     		ldr	r7, .L17+52
 312 008a F378     		ldrb	r3, [r6, #3]	@ zero_extendqisi2
 313 008c 0193     		str	r3, [sp, #4]
 314 008e 0094     		str	r4, [sp]
 315 0090 99ED002B 		vldr.64	d2, [r9]
 316 0094 98ED001B 		vldr.64	d1, [r8]
 317 0098 97ED000B 		vldr.64	d0, [r7]
 318 009c 5B46     		mov	r3, fp
 319 009e 5246     		mov	r2, r10
 320 00a0 1E49     		ldr	r1, .L17+24
 321 00a2 3046     		mov	r0, r6
 322 00a4 FFF7FEFF 		bl	PID
 323              	.LVL17:
 101:Core/Src/AML_MotorControl.c ****     PID(&PID_PositionRight, &Input_Right, &Output_Right, &Setpoint_Right, Position_Kp, Position_Ki,
 324              		.loc 1 101 5 view .LVU51
 325 00a8 EB78     		ldrb	r3, [r5, #3]	@ zero_extendqisi2
 326 00aa 0193     		str	r3, [sp, #4]
 327 00ac 0094     		str	r4, [sp]
 328 00ae 99ED002B 		vldr.64	d2, [r9]
 329 00b2 98ED001B 		vldr.64	d1, [r8]
 330 00b6 97ED000B 		vldr.64	d0, [r7]
 331 00ba 1C4B     		ldr	r3, .L17+40
 332 00bc 1C4A     		ldr	r2, .L17+44
 333 00be 1D49     		ldr	r1, .L17+48
 334 00c0 2846     		mov	r0, r5
 335 00c2 FFF7FEFF 		bl	PID
 336              	.LVL18:
 102:Core/Src/AML_MotorControl.c **** 
 103:Core/Src/AML_MotorControl.c ****     // AML_MotorControl_PIDSetTunings();
 104:Core/Src/AML_MotorControl.c **** 
 105:Core/Src/AML_MotorControl.c ****     AML_MotorControl_PIDSetSampleTime(25);
 337              		.loc 1 105 5 view .LVU52
 338 00c6 1920     		movs	r0, #25
 339 00c8 FFF7FEFF 		bl	AML_MotorControl_PIDSetSampleTime
 340              	.LVL19:
 106:Core/Src/AML_MotorControl.c ****     AML_MotorControl_PIDSetOutputLimits(OutputMin, OutputMax);
 341              		.loc 1 106 5 view .LVU53
 342 00cc 1B4B     		ldr	r3, .L17+56
 343 00ce B3F90000 		ldrsh	r0, [r3]
 344 00d2 FFF7FEFF 		bl	__aeabi_i2d
 345              	.LVL20:
 346 00d6 41EC180B 		vmov	d8, r0, r1
 347 00da 194B     		ldr	r3, .L17+60
 348 00dc B3F90000 		ldrsh	r0, [r3]
 349 00e0 FFF7FEFF 		bl	__aeabi_i2d
 350              	.LVL21:
 351 00e4 B0EE481A 		vmov.f32	s2, s16
 352 00e8 F0EE681A 		vmov.f32	s3, s17
 353 00ec 41EC100B 		vmov	d0, r0, r1
 354 00f0 FFF7FEFF 		bl	AML_MotorControl_PIDSetOutputLimits
 355              	.LVL22:
 107:Core/Src/AML_MotorControl.c ****     AML_MotorControl_PIDSetMode(_PID_MODE_AUTOMATIC);
 356              		.loc 1 107 5 view .LVU54
 357 00f4 2046     		mov	r0, r4
ARM GAS  C:\Users\anmh1\AppData\Local\Temp\cciD2LVN.s 			page 9


 358 00f6 FFF7FEFF 		bl	AML_MotorControl_PIDSetMode
 359              	.LVL23:
 108:Core/Src/AML_MotorControl.c **** }
 360              		.loc 1 108 1 is_stmt 0 view .LVU55
 361 00fa 03B0     		add	sp, sp, #12
 362              		.cfi_def_cfa_offset 44
 363              		@ sp needed
 364 00fc BDEC028B 		vldm	sp!, {d8}
 365              		.cfi_restore 80
 366              		.cfi_restore 81
 367              		.cfi_def_cfa_offset 36
 368 0100 BDE8F08F 		pop	{r4, r5, r6, r7, r8, r9, r10, fp, pc}
 369              	.L18:
 370              		.align	2
 371              	.L17:
 372 0104 00000000 		.word	PID_SpeedRight
 373 0108 00000000 		.word	PID_PositionLeft
 374 010c 00000000 		.word	PID_PositionRight
 375 0110 00000000 		.word	.LANCHOR0
 376 0114 00000000 		.word	.LANCHOR1
 377 0118 00000000 		.word	.LANCHOR2
 378 011c 00000000 		.word	Input_Left
 379 0120 00000000 		.word	.LANCHOR3
 380 0124 00000000 		.word	.LANCHOR4
 381 0128 00000000 		.word	.LANCHOR5
 382 012c 00000000 		.word	Setpoint_Right
 383 0130 00000000 		.word	Output_Right
 384 0134 00000000 		.word	Input_Right
 385 0138 00000000 		.word	.LANCHOR8
 386 013c 00000000 		.word	.LANCHOR9
 387 0140 00000000 		.word	.LANCHOR10
 388 0144 00000000 		.word	PID_SpeedLeft
 389 0148 00000000 		.word	Setpoint_Left
 390 014c 00000000 		.word	Output_Left
 391 0150 00000000 		.word	.LANCHOR6
 392 0154 00000000 		.word	.LANCHOR7
 393              		.cfi_endproc
 394              	.LFE137:
 396              		.section	.text.AML_MotorControl_Setup,"ax",%progbits
 397              		.align	1
 398              		.global	AML_MotorControl_Setup
 399              		.syntax unified
 400              		.thumb
 401              		.thumb_func
 402              		.fpu fpv4-sp-d16
 404              	AML_MotorControl_Setup:
 405              	.LFB138:
 109:Core/Src/AML_MotorControl.c **** 
 110:Core/Src/AML_MotorControl.c **** ///////////////////////////////////////////////////////////////////////////////////////////////////
 111:Core/Src/AML_MotorControl.c **** void AML_MotorControl_Setup()
 112:Core/Src/AML_MotorControl.c **** {
 406              		.loc 1 112 1 is_stmt 1 view -0
 407              		.cfi_startproc
 408              		@ args = 0, pretend = 0, frame = 0
 409              		@ frame_needed = 0, uses_anonymous_args = 0
 410 0000 10B5     		push	{r4, lr}
 411              		.cfi_def_cfa_offset 8
ARM GAS  C:\Users\anmh1\AppData\Local\Temp\cciD2LVN.s 			page 10


 412              		.cfi_offset 4, -8
 413              		.cfi_offset 14, -4
 113:Core/Src/AML_MotorControl.c ****     HAL_TIM_Base_Start(&htim2);
 414              		.loc 1 113 5 view .LVU57
 415 0002 0C4C     		ldr	r4, .L21
 416 0004 2046     		mov	r0, r4
 417 0006 FFF7FEFF 		bl	HAL_TIM_Base_Start
 418              	.LVL24:
 114:Core/Src/AML_MotorControl.c ****     HAL_TIM_PWM_Start(&htim2, TIM_CHANNEL_1);
 419              		.loc 1 114 5 view .LVU58
 420 000a 0021     		movs	r1, #0
 421 000c 2046     		mov	r0, r4
 422 000e FFF7FEFF 		bl	HAL_TIM_PWM_Start
 423              	.LVL25:
 115:Core/Src/AML_MotorControl.c ****     HAL_TIM_PWM_Start(&htim2, TIM_CHANNEL_2);
 424              		.loc 1 115 5 view .LVU59
 425 0012 0421     		movs	r1, #4
 426 0014 2046     		mov	r0, r4
 427 0016 FFF7FEFF 		bl	HAL_TIM_PWM_Start
 428              	.LVL26:
 116:Core/Src/AML_MotorControl.c ****     HAL_GPIO_WritePin(STBY_GPIO_Port, STBY_Pin, GPIO_PIN_SET);
 429              		.loc 1 116 5 view .LVU60
 430 001a 0122     		movs	r2, #1
 431 001c 4FF48051 		mov	r1, #4096
 432 0020 0548     		ldr	r0, .L21+4
 433 0022 FFF7FEFF 		bl	HAL_GPIO_WritePin
 434              	.LVL27:
 117:Core/Src/AML_MotorControl.c ****     htim2.Instance->ARR = period;
 435              		.loc 1 117 5 view .LVU61
 436              		.loc 1 117 10 is_stmt 0 view .LVU62
 437 0026 2368     		ldr	r3, [r4]
 438              		.loc 1 117 25 view .LVU63
 439 0028 044A     		ldr	r2, .L21+8
 440 002a 1268     		ldr	r2, [r2]
 441 002c DA62     		str	r2, [r3, #44]
 118:Core/Src/AML_MotorControl.c **** 
 119:Core/Src/AML_MotorControl.c ****     AML_MotorControl_PIDSetup();
 442              		.loc 1 119 5 is_stmt 1 view .LVU64
 443 002e FFF7FEFF 		bl	AML_MotorControl_PIDSetup
 444              	.LVL28:
 120:Core/Src/AML_MotorControl.c **** }
 445              		.loc 1 120 1 is_stmt 0 view .LVU65
 446 0032 10BD     		pop	{r4, pc}
 447              	.L22:
 448              		.align	2
 449              	.L21:
 450 0034 00000000 		.word	htim2
 451 0038 00080240 		.word	1073874944
 452 003c 00000000 		.word	.LANCHOR11
 453              		.cfi_endproc
 454              	.LFE138:
 456              		.section	.text.AML_MotorControl_LeftPWM,"ax",%progbits
 457              		.align	1
 458              		.global	AML_MotorControl_LeftPWM
 459              		.syntax unified
 460              		.thumb
 461              		.thumb_func
ARM GAS  C:\Users\anmh1\AppData\Local\Temp\cciD2LVN.s 			page 11


 462              		.fpu fpv4-sp-d16
 464              	AML_MotorControl_LeftPWM:
 465              	.LVL29:
 466              	.LFB139:
 121:Core/Src/AML_MotorControl.c **** 
 122:Core/Src/AML_MotorControl.c **** void AML_MotorControl_LeftPWM(int16_t PWMValue)
 123:Core/Src/AML_MotorControl.c **** {
 467              		.loc 1 123 1 is_stmt 1 view -0
 468              		.cfi_startproc
 469              		@ args = 0, pretend = 0, frame = 0
 470              		@ frame_needed = 0, uses_anonymous_args = 0
 471              		.loc 1 123 1 is_stmt 0 view .LVU67
 472 0000 70B5     		push	{r4, r5, r6, lr}
 473              		.cfi_def_cfa_offset 16
 474              		.cfi_offset 4, -16
 475              		.cfi_offset 5, -12
 476              		.cfi_offset 6, -8
 477              		.cfi_offset 14, -4
 124:Core/Src/AML_MotorControl.c ****     if (PWMValue > 0)
 478              		.loc 1 124 5 is_stmt 1 view .LVU68
 479              		.loc 1 124 8 is_stmt 0 view .LVU69
 480 0002 041E     		subs	r4, r0, #0
 481 0004 12DC     		bgt	.L28
 125:Core/Src/AML_MotorControl.c ****     {
 126:Core/Src/AML_MotorControl.c ****         HAL_GPIO_WritePin(AIN1_GPIO_Port, AIN1_Pin, direction);
 127:Core/Src/AML_MotorControl.c ****         HAL_GPIO_WritePin(AIN2_GPIO_Port, AIN2_Pin, !direction);
 128:Core/Src/AML_MotorControl.c ****         // __HAL_TIM_SET_COMPARE(&htim2, TIM_CHANNEL_1, PWMValue);
 129:Core/Src/AML_MotorControl.c ****         htim2.Instance->CCR1 = (period * PWMValue) / 100;
 130:Core/Src/AML_MotorControl.c ****     }
 131:Core/Src/AML_MotorControl.c ****     else if (PWMValue < 0)
 482              		.loc 1 131 10 is_stmt 1 view .LVU70
 483              		.loc 1 131 13 is_stmt 0 view .LVU71
 484 0006 002C     		cmp	r4, #0
 485 0008 2CDB     		blt	.L29
 132:Core/Src/AML_MotorControl.c ****     {
 133:Core/Src/AML_MotorControl.c ****         HAL_GPIO_WritePin(AIN1_GPIO_Port, AIN1_Pin, !direction);
 134:Core/Src/AML_MotorControl.c ****         HAL_GPIO_WritePin(AIN2_GPIO_Port, AIN2_Pin, direction);
 135:Core/Src/AML_MotorControl.c ****         // __HAL_TIM_SET_COMPARE(&htim2, TIM_CHANNEL_1, PWMValue);
 136:Core/Src/AML_MotorControl.c ****         htim2.Instance->CCR1 = (period * (-PWMValue)) / 100;
 137:Core/Src/AML_MotorControl.c ****     }
 138:Core/Src/AML_MotorControl.c ****     else if (!PWMValue)
 486              		.loc 1 138 10 is_stmt 1 view .LVU72
 487              		.loc 1 138 13 is_stmt 0 view .LVU73
 488 000a 54BB     		cbnz	r4, .L23
 139:Core/Src/AML_MotorControl.c ****     {
 140:Core/Src/AML_MotorControl.c ****         HAL_GPIO_WritePin(AIN1_GPIO_Port, AIN1_Pin, GPIO_PIN_RESET);
 489              		.loc 1 140 9 is_stmt 1 view .LVU74
 490 000c 244C     		ldr	r4, .L30
 491 000e 0022     		movs	r2, #0
 492 0010 8021     		movs	r1, #128
 493 0012 2046     		mov	r0, r4
 494              	.LVL30:
 495              		.loc 1 140 9 is_stmt 0 view .LVU75
 496 0014 FFF7FEFF 		bl	HAL_GPIO_WritePin
 497              	.LVL31:
 141:Core/Src/AML_MotorControl.c ****         HAL_GPIO_WritePin(AIN2_GPIO_Port, AIN2_Pin, GPIO_PIN_RESET);
 498              		.loc 1 141 9 is_stmt 1 view .LVU76
ARM GAS  C:\Users\anmh1\AppData\Local\Temp\cciD2LVN.s 			page 12


 499 0018 0022     		movs	r2, #0
 500 001a 2021     		movs	r1, #32
 501 001c 2046     		mov	r0, r4
 502 001e FFF7FEFF 		bl	HAL_GPIO_WritePin
 503              	.LVL32:
 142:Core/Src/AML_MotorControl.c ****         // __HAL_TIM_SET_COMPARE(&htim2, TIM_CHANNEL_1, 0);
 143:Core/Src/AML_MotorControl.c ****         htim2.Instance->CCR1 = 0;
 504              		.loc 1 143 9 view .LVU77
 505              		.loc 1 143 14 is_stmt 0 view .LVU78
 506 0022 204B     		ldr	r3, .L30+4
 507 0024 1B68     		ldr	r3, [r3]
 508              		.loc 1 143 30 view .LVU79
 509 0026 0022     		movs	r2, #0
 510 0028 5A63     		str	r2, [r3, #52]
 144:Core/Src/AML_MotorControl.c ****     }
 145:Core/Src/AML_MotorControl.c **** }
 511              		.loc 1 145 1 view .LVU80
 512 002a 1AE0     		b	.L23
 513              	.LVL33:
 514              	.L28:
 126:Core/Src/AML_MotorControl.c ****         HAL_GPIO_WritePin(AIN2_GPIO_Port, AIN2_Pin, !direction);
 515              		.loc 1 126 9 is_stmt 1 view .LVU81
 516 002c 1E4E     		ldr	r6, .L30+8
 517 002e 1C4D     		ldr	r5, .L30
 518 0030 3278     		ldrb	r2, [r6]	@ zero_extendqisi2
 519 0032 8021     		movs	r1, #128
 520 0034 2846     		mov	r0, r5
 521              	.LVL34:
 126:Core/Src/AML_MotorControl.c ****         HAL_GPIO_WritePin(AIN2_GPIO_Port, AIN2_Pin, !direction);
 522              		.loc 1 126 9 is_stmt 0 view .LVU82
 523 0036 FFF7FEFF 		bl	HAL_GPIO_WritePin
 524              	.LVL35:
 127:Core/Src/AML_MotorControl.c ****         // __HAL_TIM_SET_COMPARE(&htim2, TIM_CHANNEL_1, PWMValue);
 525              		.loc 1 127 9 is_stmt 1 view .LVU83
 526 003a B6F90020 		ldrsh	r2, [r6]
 527 003e B2FA82F2 		clz	r2, r2
 528 0042 5209     		lsrs	r2, r2, #5
 529 0044 2021     		movs	r1, #32
 530 0046 2846     		mov	r0, r5
 531 0048 FFF7FEFF 		bl	HAL_GPIO_WritePin
 532              	.LVL36:
 129:Core/Src/AML_MotorControl.c ****     }
 533              		.loc 1 129 9 view .LVU84
 129:Core/Src/AML_MotorControl.c ****     }
 534              		.loc 1 129 40 is_stmt 0 view .LVU85
 535 004c 174B     		ldr	r3, .L30+12
 536 004e 1B68     		ldr	r3, [r3]
 537 0050 03FB04F3 		mul	r3, r3, r4
 129:Core/Src/AML_MotorControl.c ****     }
 538              		.loc 1 129 14 view .LVU86
 539 0054 134A     		ldr	r2, .L30+4
 540 0056 1268     		ldr	r2, [r2]
 129:Core/Src/AML_MotorControl.c ****     }
 541              		.loc 1 129 52 view .LVU87
 542 0058 1548     		ldr	r0, .L30+16
 543 005a A0FB0313 		umull	r1, r3, r0, r3
 544 005e 5B09     		lsrs	r3, r3, #5
ARM GAS  C:\Users\anmh1\AppData\Local\Temp\cciD2LVN.s 			page 13


 129:Core/Src/AML_MotorControl.c ****     }
 545              		.loc 1 129 30 view .LVU88
 546 0060 5363     		str	r3, [r2, #52]
 547              	.L23:
 548              		.loc 1 145 1 view .LVU89
 549 0062 70BD     		pop	{r4, r5, r6, pc}
 550              	.LVL37:
 551              	.L29:
 133:Core/Src/AML_MotorControl.c ****         HAL_GPIO_WritePin(AIN2_GPIO_Port, AIN2_Pin, direction);
 552              		.loc 1 133 9 is_stmt 1 view .LVU90
 553 0064 104E     		ldr	r6, .L30+8
 554 0066 B6F90020 		ldrsh	r2, [r6]
 555 006a 0D4D     		ldr	r5, .L30
 556 006c B2FA82F2 		clz	r2, r2
 557 0070 5209     		lsrs	r2, r2, #5
 558 0072 8021     		movs	r1, #128
 559 0074 2846     		mov	r0, r5
 560              	.LVL38:
 133:Core/Src/AML_MotorControl.c ****         HAL_GPIO_WritePin(AIN2_GPIO_Port, AIN2_Pin, direction);
 561              		.loc 1 133 9 is_stmt 0 view .LVU91
 562 0076 FFF7FEFF 		bl	HAL_GPIO_WritePin
 563              	.LVL39:
 134:Core/Src/AML_MotorControl.c ****         // __HAL_TIM_SET_COMPARE(&htim2, TIM_CHANNEL_1, PWMValue);
 564              		.loc 1 134 9 is_stmt 1 view .LVU92
 565 007a 3278     		ldrb	r2, [r6]	@ zero_extendqisi2
 566 007c 2021     		movs	r1, #32
 567 007e 2846     		mov	r0, r5
 568 0080 FFF7FEFF 		bl	HAL_GPIO_WritePin
 569              	.LVL40:
 136:Core/Src/AML_MotorControl.c ****     }
 570              		.loc 1 136 9 view .LVU93
 136:Core/Src/AML_MotorControl.c ****     }
 571              		.loc 1 136 43 is_stmt 0 view .LVU94
 572 0084 6042     		rsbs	r0, r4, #0
 136:Core/Src/AML_MotorControl.c ****     }
 573              		.loc 1 136 40 view .LVU95
 574 0086 094B     		ldr	r3, .L30+12
 575 0088 1B68     		ldr	r3, [r3]
 576 008a 03FB00F3 		mul	r3, r3, r0
 136:Core/Src/AML_MotorControl.c ****     }
 577              		.loc 1 136 14 view .LVU96
 578 008e 054A     		ldr	r2, .L30+4
 579 0090 1268     		ldr	r2, [r2]
 136:Core/Src/AML_MotorControl.c ****     }
 580              		.loc 1 136 55 view .LVU97
 581 0092 074C     		ldr	r4, .L30+16
 582 0094 A4FB0313 		umull	r1, r3, r4, r3
 583 0098 5B09     		lsrs	r3, r3, #5
 136:Core/Src/AML_MotorControl.c ****     }
 584              		.loc 1 136 30 view .LVU98
 585 009a 5363     		str	r3, [r2, #52]
 586 009c E1E7     		b	.L23
 587              	.L31:
 588 009e 00BF     		.align	2
 589              	.L30:
 590 00a0 000C0240 		.word	1073875968
 591 00a4 00000000 		.word	htim2
ARM GAS  C:\Users\anmh1\AppData\Local\Temp\cciD2LVN.s 			page 14


 592 00a8 00000000 		.word	.LANCHOR12
 593 00ac 00000000 		.word	.LANCHOR11
 594 00b0 1F85EB51 		.word	1374389535
 595              		.cfi_endproc
 596              	.LFE139:
 598              		.section	.text.AML_MotorControl_RightPWM,"ax",%progbits
 599              		.align	1
 600              		.global	AML_MotorControl_RightPWM
 601              		.syntax unified
 602              		.thumb
 603              		.thumb_func
 604              		.fpu fpv4-sp-d16
 606              	AML_MotorControl_RightPWM:
 607              	.LVL41:
 608              	.LFB140:
 146:Core/Src/AML_MotorControl.c **** 
 147:Core/Src/AML_MotorControl.c **** void AML_MotorControl_RightPWM(int16_t PWMValue)
 148:Core/Src/AML_MotorControl.c **** {
 609              		.loc 1 148 1 is_stmt 1 view -0
 610              		.cfi_startproc
 611              		@ args = 0, pretend = 0, frame = 0
 612              		@ frame_needed = 0, uses_anonymous_args = 0
 613              		.loc 1 148 1 is_stmt 0 view .LVU100
 614 0000 70B5     		push	{r4, r5, r6, lr}
 615              		.cfi_def_cfa_offset 16
 616              		.cfi_offset 4, -16
 617              		.cfi_offset 5, -12
 618              		.cfi_offset 6, -8
 619              		.cfi_offset 14, -4
 149:Core/Src/AML_MotorControl.c ****     if (PWMValue > 0)
 620              		.loc 1 149 5 is_stmt 1 view .LVU101
 621              		.loc 1 149 8 is_stmt 0 view .LVU102
 622 0002 041E     		subs	r4, r0, #0
 623 0004 12DC     		bgt	.L37
 150:Core/Src/AML_MotorControl.c ****     {
 151:Core/Src/AML_MotorControl.c ****         HAL_GPIO_WritePin(BIN1_GPIO_Port, BIN1_Pin, !direction);
 152:Core/Src/AML_MotorControl.c ****         HAL_GPIO_WritePin(BIN2_GPIO_Port, BIN2_Pin, direction);
 153:Core/Src/AML_MotorControl.c ****         // __HAL_TIM_SET_COMPARE(&htim2, TIM_CHANNEL_2, PWMValue);
 154:Core/Src/AML_MotorControl.c ****         htim2.Instance->CCR2 = (period * PWMValue) / 100;
 155:Core/Src/AML_MotorControl.c ****     }
 156:Core/Src/AML_MotorControl.c ****     else if (PWMValue < 0)
 624              		.loc 1 156 10 is_stmt 1 view .LVU103
 625              		.loc 1 156 13 is_stmt 0 view .LVU104
 626 0006 002C     		cmp	r4, #0
 627 0008 2CDB     		blt	.L38
 157:Core/Src/AML_MotorControl.c ****     {
 158:Core/Src/AML_MotorControl.c ****         HAL_GPIO_WritePin(BIN1_GPIO_Port, BIN1_Pin, direction);
 159:Core/Src/AML_MotorControl.c ****         HAL_GPIO_WritePin(BIN2_GPIO_Port, BIN2_Pin, !direction);
 160:Core/Src/AML_MotorControl.c ****         // __HAL_TIM_SET_COMPARE(&htim2, TIM_CHANNEL_2, PWMValue);
 161:Core/Src/AML_MotorControl.c ****         htim2.Instance->CCR2 = (period * -(PWMValue)) / 100;
 162:Core/Src/AML_MotorControl.c ****     }
 163:Core/Src/AML_MotorControl.c ****     else if (!PWMValue)
 628              		.loc 1 163 10 is_stmt 1 view .LVU105
 629              		.loc 1 163 13 is_stmt 0 view .LVU106
 630 000a 54BB     		cbnz	r4, .L32
 164:Core/Src/AML_MotorControl.c ****     {
 165:Core/Src/AML_MotorControl.c ****         HAL_GPIO_WritePin(BIN1_GPIO_Port, BIN1_Pin, GPIO_PIN_RESET);
ARM GAS  C:\Users\anmh1\AppData\Local\Temp\cciD2LVN.s 			page 15


 631              		.loc 1 165 9 is_stmt 1 view .LVU107
 632 000c 244C     		ldr	r4, .L39
 633 000e 0022     		movs	r2, #0
 634 0010 0821     		movs	r1, #8
 635 0012 2046     		mov	r0, r4
 636              	.LVL42:
 637              		.loc 1 165 9 is_stmt 0 view .LVU108
 638 0014 FFF7FEFF 		bl	HAL_GPIO_WritePin
 639              	.LVL43:
 166:Core/Src/AML_MotorControl.c ****         HAL_GPIO_WritePin(BIN2_GPIO_Port, BIN2_Pin, GPIO_PIN_RESET);
 640              		.loc 1 166 9 is_stmt 1 view .LVU109
 641 0018 0022     		movs	r2, #0
 642 001a 0221     		movs	r1, #2
 643 001c 2046     		mov	r0, r4
 644 001e FFF7FEFF 		bl	HAL_GPIO_WritePin
 645              	.LVL44:
 167:Core/Src/AML_MotorControl.c ****         // __HAL_TIM_SET_COMPARE(&htim2, TIM_CHANNEL_2, 0);
 168:Core/Src/AML_MotorControl.c ****         htim2.Instance->CCR2 = 0;
 646              		.loc 1 168 9 view .LVU110
 647              		.loc 1 168 14 is_stmt 0 view .LVU111
 648 0022 204B     		ldr	r3, .L39+4
 649 0024 1B68     		ldr	r3, [r3]
 650              		.loc 1 168 30 view .LVU112
 651 0026 0022     		movs	r2, #0
 652 0028 9A63     		str	r2, [r3, #56]
 169:Core/Src/AML_MotorControl.c ****     }
 170:Core/Src/AML_MotorControl.c **** }
 653              		.loc 1 170 1 view .LVU113
 654 002a 1AE0     		b	.L32
 655              	.LVL45:
 656              	.L37:
 151:Core/Src/AML_MotorControl.c ****         HAL_GPIO_WritePin(BIN2_GPIO_Port, BIN2_Pin, direction);
 657              		.loc 1 151 9 is_stmt 1 view .LVU114
 658 002c 1E4E     		ldr	r6, .L39+8
 659 002e B6F90020 		ldrsh	r2, [r6]
 660 0032 1B4D     		ldr	r5, .L39
 661 0034 B2FA82F2 		clz	r2, r2
 662 0038 5209     		lsrs	r2, r2, #5
 663 003a 0821     		movs	r1, #8
 664 003c 2846     		mov	r0, r5
 665              	.LVL46:
 151:Core/Src/AML_MotorControl.c ****         HAL_GPIO_WritePin(BIN2_GPIO_Port, BIN2_Pin, direction);
 666              		.loc 1 151 9 is_stmt 0 view .LVU115
 667 003e FFF7FEFF 		bl	HAL_GPIO_WritePin
 668              	.LVL47:
 152:Core/Src/AML_MotorControl.c ****         // __HAL_TIM_SET_COMPARE(&htim2, TIM_CHANNEL_2, PWMValue);
 669              		.loc 1 152 9 is_stmt 1 view .LVU116
 670 0042 3278     		ldrb	r2, [r6]	@ zero_extendqisi2
 671 0044 0221     		movs	r1, #2
 672 0046 2846     		mov	r0, r5
 673 0048 FFF7FEFF 		bl	HAL_GPIO_WritePin
 674              	.LVL48:
 154:Core/Src/AML_MotorControl.c ****     }
 675              		.loc 1 154 9 view .LVU117
 154:Core/Src/AML_MotorControl.c ****     }
 676              		.loc 1 154 40 is_stmt 0 view .LVU118
 677 004c 174B     		ldr	r3, .L39+12
ARM GAS  C:\Users\anmh1\AppData\Local\Temp\cciD2LVN.s 			page 16


 678 004e 1B68     		ldr	r3, [r3]
 679 0050 03FB04F3 		mul	r3, r3, r4
 154:Core/Src/AML_MotorControl.c ****     }
 680              		.loc 1 154 14 view .LVU119
 681 0054 134A     		ldr	r2, .L39+4
 682 0056 1268     		ldr	r2, [r2]
 154:Core/Src/AML_MotorControl.c ****     }
 683              		.loc 1 154 52 view .LVU120
 684 0058 1548     		ldr	r0, .L39+16
 685 005a A0FB0313 		umull	r1, r3, r0, r3
 686 005e 5B09     		lsrs	r3, r3, #5
 154:Core/Src/AML_MotorControl.c ****     }
 687              		.loc 1 154 30 view .LVU121
 688 0060 9363     		str	r3, [r2, #56]
 689              	.L32:
 690              		.loc 1 170 1 view .LVU122
 691 0062 70BD     		pop	{r4, r5, r6, pc}
 692              	.LVL49:
 693              	.L38:
 158:Core/Src/AML_MotorControl.c ****         HAL_GPIO_WritePin(BIN2_GPIO_Port, BIN2_Pin, !direction);
 694              		.loc 1 158 9 is_stmt 1 view .LVU123
 695 0064 104E     		ldr	r6, .L39+8
 696 0066 0E4D     		ldr	r5, .L39
 697 0068 3278     		ldrb	r2, [r6]	@ zero_extendqisi2
 698 006a 0821     		movs	r1, #8
 699 006c 2846     		mov	r0, r5
 700              	.LVL50:
 158:Core/Src/AML_MotorControl.c ****         HAL_GPIO_WritePin(BIN2_GPIO_Port, BIN2_Pin, !direction);
 701              		.loc 1 158 9 is_stmt 0 view .LVU124
 702 006e FFF7FEFF 		bl	HAL_GPIO_WritePin
 703              	.LVL51:
 159:Core/Src/AML_MotorControl.c ****         // __HAL_TIM_SET_COMPARE(&htim2, TIM_CHANNEL_2, PWMValue);
 704              		.loc 1 159 9 is_stmt 1 view .LVU125
 705 0072 B6F90020 		ldrsh	r2, [r6]
 706 0076 B2FA82F2 		clz	r2, r2
 707 007a 5209     		lsrs	r2, r2, #5
 708 007c 0221     		movs	r1, #2
 709 007e 2846     		mov	r0, r5
 710 0080 FFF7FEFF 		bl	HAL_GPIO_WritePin
 711              	.LVL52:
 161:Core/Src/AML_MotorControl.c ****     }
 712              		.loc 1 161 9 view .LVU126
 161:Core/Src/AML_MotorControl.c ****     }
 713              		.loc 1 161 42 is_stmt 0 view .LVU127
 714 0084 6042     		rsbs	r0, r4, #0
 161:Core/Src/AML_MotorControl.c ****     }
 715              		.loc 1 161 40 view .LVU128
 716 0086 094B     		ldr	r3, .L39+12
 717 0088 1B68     		ldr	r3, [r3]
 718 008a 03FB00F3 		mul	r3, r3, r0
 161:Core/Src/AML_MotorControl.c ****     }
 719              		.loc 1 161 14 view .LVU129
 720 008e 054A     		ldr	r2, .L39+4
 721 0090 1268     		ldr	r2, [r2]
 161:Core/Src/AML_MotorControl.c ****     }
 722              		.loc 1 161 55 view .LVU130
 723 0092 074C     		ldr	r4, .L39+16
ARM GAS  C:\Users\anmh1\AppData\Local\Temp\cciD2LVN.s 			page 17


 724 0094 A4FB0313 		umull	r1, r3, r4, r3
 725 0098 5B09     		lsrs	r3, r3, #5
 161:Core/Src/AML_MotorControl.c ****     }
 726              		.loc 1 161 30 view .LVU131
 727 009a 9363     		str	r3, [r2, #56]
 728 009c E1E7     		b	.L32
 729              	.L40:
 730 009e 00BF     		.align	2
 731              	.L39:
 732 00a0 000C0240 		.word	1073875968
 733 00a4 00000000 		.word	htim2
 734 00a8 00000000 		.word	.LANCHOR12
 735 00ac 00000000 		.word	.LANCHOR11
 736 00b0 1F85EB51 		.word	1374389535
 737              		.cfi_endproc
 738              	.LFE140:
 740              		.section	.text.AML_MotorControl_SetDirection,"ax",%progbits
 741              		.align	1
 742              		.global	AML_MotorControl_SetDirection
 743              		.syntax unified
 744              		.thumb
 745              		.thumb_func
 746              		.fpu fpv4-sp-d16
 748              	AML_MotorControl_SetDirection:
 749              	.LVL53:
 750              	.LFB141:
 171:Core/Src/AML_MotorControl.c **** 
 172:Core/Src/AML_MotorControl.c **** void AML_MotorControl_SetDirection(short dir)
 173:Core/Src/AML_MotorControl.c **** {
 751              		.loc 1 173 1 is_stmt 1 view -0
 752              		.cfi_startproc
 753              		@ args = 0, pretend = 0, frame = 0
 754              		@ frame_needed = 0, uses_anonymous_args = 0
 755              		@ link register save eliminated.
 174:Core/Src/AML_MotorControl.c ****     direction = dir;
 756              		.loc 1 174 5 view .LVU133
 757              		.loc 1 174 15 is_stmt 0 view .LVU134
 758 0000 014B     		ldr	r3, .L42
 759 0002 1880     		strh	r0, [r3]	@ movhi
 175:Core/Src/AML_MotorControl.c **** }
 760              		.loc 1 175 1 view .LVU135
 761 0004 7047     		bx	lr
 762              	.L43:
 763 0006 00BF     		.align	2
 764              	.L42:
 765 0008 00000000 		.word	.LANCHOR12
 766              		.cfi_endproc
 767              	.LFE141:
 769              		.section	.text.AML_MotorControl_ToggleDirection,"ax",%progbits
 770              		.align	1
 771              		.global	AML_MotorControl_ToggleDirection
 772              		.syntax unified
 773              		.thumb
 774              		.thumb_func
 775              		.fpu fpv4-sp-d16
 777              	AML_MotorControl_ToggleDirection:
 778              	.LFB142:
ARM GAS  C:\Users\anmh1\AppData\Local\Temp\cciD2LVN.s 			page 18


 176:Core/Src/AML_MotorControl.c **** 
 177:Core/Src/AML_MotorControl.c **** void AML_MotorControl_ToggleDirection()
 178:Core/Src/AML_MotorControl.c **** {
 779              		.loc 1 178 1 is_stmt 1 view -0
 780              		.cfi_startproc
 781              		@ args = 0, pretend = 0, frame = 0
 782              		@ frame_needed = 0, uses_anonymous_args = 0
 783              		@ link register save eliminated.
 179:Core/Src/AML_MotorControl.c ****     direction = ~direction;
 784              		.loc 1 179 5 view .LVU137
 785              		.loc 1 179 15 is_stmt 0 view .LVU138
 786 0000 024A     		ldr	r2, .L45
 787 0002 1388     		ldrh	r3, [r2]
 788 0004 DB43     		mvns	r3, r3
 789 0006 1380     		strh	r3, [r2]	@ movhi
 180:Core/Src/AML_MotorControl.c **** }
 790              		.loc 1 180 1 view .LVU139
 791 0008 7047     		bx	lr
 792              	.L46:
 793 000a 00BF     		.align	2
 794              	.L45:
 795 000c 00000000 		.word	.LANCHOR12
 796              		.cfi_endproc
 797              	.LFE142:
 799              		.global	__aeabi_dmul
 800              		.global	__aeabi_ddiv
 801              		.global	__aeabi_d2iz
 802              		.section	.text.AML_MotorControl_SetLeftSpeed,"ax",%progbits
 803              		.align	1
 804              		.global	AML_MotorControl_SetLeftSpeed
 805              		.syntax unified
 806              		.thumb
 807              		.thumb_func
 808              		.fpu fpv4-sp-d16
 810              	AML_MotorControl_SetLeftSpeed:
 811              	.LVL54:
 812              	.LFB143:
 181:Core/Src/AML_MotorControl.c **** 
 182:Core/Src/AML_MotorControl.c **** void AML_MotorControl_SetLeftSpeed(double speed, short direction)
 183:Core/Src/AML_MotorControl.c **** {
 813              		.loc 1 183 1 is_stmt 1 view -0
 814              		.cfi_startproc
 815              		@ args = 0, pretend = 0, frame = 0
 816              		@ frame_needed = 0, uses_anonymous_args = 0
 817              		.loc 1 183 1 is_stmt 0 view .LVU141
 818 0000 10B5     		push	{r4, lr}
 819              		.cfi_def_cfa_offset 8
 820              		.cfi_offset 4, -8
 821              		.cfi_offset 14, -4
 822 0002 0446     		mov	r4, r0
 184:Core/Src/AML_MotorControl.c ****     Setpoint_Left = speed * Ratio;
 823              		.loc 1 184 5 is_stmt 1 view .LVU142
 824              		.loc 1 184 27 is_stmt 0 view .LVU143
 825 0004 0022     		movs	r2, #0
 826 0006 174B     		ldr	r3, .L49
 827 0008 51EC100B 		vmov	r0, r1, d0
 828              	.LVL55:
ARM GAS  C:\Users\anmh1\AppData\Local\Temp\cciD2LVN.s 			page 19


 829              		.loc 1 184 27 view .LVU144
 830 000c FFF7FEFF 		bl	__aeabi_dmul
 831              	.LVL56:
 832              		.loc 1 184 29 view .LVU145
 833 0010 0022     		movs	r2, #0
 834 0012 154B     		ldr	r3, .L49+4
 835 0014 FFF7FEFF 		bl	__aeabi_ddiv
 836              	.LVL57:
 837              		.loc 1 184 19 view .LVU146
 838 0018 144B     		ldr	r3, .L49+8
 839 001a C3E90001 		strd	r0, [r3]
 185:Core/Src/AML_MotorControl.c ****     Input_Left = ABS((double)AML_Encoder_GetLeftValue() / 96);
 840              		.loc 1 185 5 is_stmt 1 view .LVU147
 841              		.loc 1 185 30 is_stmt 0 view .LVU148
 842 001e FFF7FEFF 		bl	AML_Encoder_GetLeftValue
 843              	.LVL58:
 844              		.loc 1 185 22 view .LVU149
 845 0022 FFF7FEFF 		bl	__aeabi_i2d
 846              	.LVL59:
 847              		.loc 1 185 18 view .LVU150
 848 0026 0022     		movs	r2, #0
 849 0028 114B     		ldr	r3, .L49+12
 850 002a FFF7FEFF 		bl	__aeabi_ddiv
 851              	.LVL60:
 852 002e 41EC100B 		vmov	d0, r0, r1
 853 0032 FFF7FEFF 		bl	ABS
 854              	.LVL61:
 855              		.loc 1 185 16 view .LVU151
 856 0036 0F4B     		ldr	r3, .L49+16
 857 0038 83ED000B 		vstr.64	d0, [r3]
 186:Core/Src/AML_MotorControl.c ****     AML_Encoder_ResetLeftValue();
 858              		.loc 1 186 5 is_stmt 1 view .LVU152
 859 003c FFF7FEFF 		bl	AML_Encoder_ResetLeftValue
 860              	.LVL62:
 187:Core/Src/AML_MotorControl.c **** 
 188:Core/Src/AML_MotorControl.c ****     PID_Compute(&PID_SpeedLeft);
 861              		.loc 1 188 5 view .LVU153
 862 0040 0D48     		ldr	r0, .L49+20
 863 0042 FFF7FEFF 		bl	PID_Compute
 864              	.LVL63:
 189:Core/Src/AML_MotorControl.c **** 
 190:Core/Src/AML_MotorControl.c ****     AML_MotorControl_LeftPWM(Output_Left * direction);
 865              		.loc 1 190 5 view .LVU154
 866              		.loc 1 190 42 is_stmt 0 view .LVU155
 867 0046 2046     		mov	r0, r4
 868 0048 FFF7FEFF 		bl	__aeabi_i2d
 869              	.LVL64:
 870 004c 0B4B     		ldr	r3, .L49+24
 871 004e D3E90023 		ldrd	r2, [r3]
 872 0052 FFF7FEFF 		bl	__aeabi_dmul
 873              	.LVL65:
 874              		.loc 1 190 5 view .LVU156
 875 0056 FFF7FEFF 		bl	__aeabi_d2iz
 876              	.LVL66:
 877 005a 00B2     		sxth	r0, r0
 878 005c FFF7FEFF 		bl	AML_MotorControl_LeftPWM
 879              	.LVL67:
ARM GAS  C:\Users\anmh1\AppData\Local\Temp\cciD2LVN.s 			page 20


 191:Core/Src/AML_MotorControl.c **** }
 880              		.loc 1 191 1 view .LVU157
 881 0060 10BD     		pop	{r4, pc}
 882              	.L50:
 883 0062 00BF     		.align	2
 884              	.L49:
 885 0064 00805640 		.word	1079410688
 886 0068 00002C40 		.word	1076625408
 887 006c 00000000 		.word	Setpoint_Left
 888 0070 00005840 		.word	1079508992
 889 0074 00000000 		.word	Input_Left
 890 0078 00000000 		.word	PID_SpeedLeft
 891 007c 00000000 		.word	Output_Left
 892              		.cfi_endproc
 893              	.LFE143:
 895              		.section	.text.AML_MotorControl_SetRightSpeed,"ax",%progbits
 896              		.align	1
 897              		.global	AML_MotorControl_SetRightSpeed
 898              		.syntax unified
 899              		.thumb
 900              		.thumb_func
 901              		.fpu fpv4-sp-d16
 903              	AML_MotorControl_SetRightSpeed:
 904              	.LVL68:
 905              	.LFB144:
 192:Core/Src/AML_MotorControl.c **** 
 193:Core/Src/AML_MotorControl.c **** void AML_MotorControl_SetRightSpeed(double speed, short direction)
 194:Core/Src/AML_MotorControl.c **** {
 906              		.loc 1 194 1 is_stmt 1 view -0
 907              		.cfi_startproc
 908              		@ args = 0, pretend = 0, frame = 0
 909              		@ frame_needed = 0, uses_anonymous_args = 0
 910              		.loc 1 194 1 is_stmt 0 view .LVU159
 911 0000 10B5     		push	{r4, lr}
 912              		.cfi_def_cfa_offset 8
 913              		.cfi_offset 4, -8
 914              		.cfi_offset 14, -4
 915 0002 0446     		mov	r4, r0
 195:Core/Src/AML_MotorControl.c ****     Setpoint_Right = speed * Ratio;
 916              		.loc 1 195 5 is_stmt 1 view .LVU160
 917              		.loc 1 195 28 is_stmt 0 view .LVU161
 918 0004 0022     		movs	r2, #0
 919 0006 174B     		ldr	r3, .L53
 920 0008 51EC100B 		vmov	r0, r1, d0
 921              	.LVL69:
 922              		.loc 1 195 28 view .LVU162
 923 000c FFF7FEFF 		bl	__aeabi_dmul
 924              	.LVL70:
 925              		.loc 1 195 30 view .LVU163
 926 0010 0022     		movs	r2, #0
 927 0012 154B     		ldr	r3, .L53+4
 928 0014 FFF7FEFF 		bl	__aeabi_ddiv
 929              	.LVL71:
 930              		.loc 1 195 20 view .LVU164
 931 0018 144B     		ldr	r3, .L53+8
 932 001a C3E90001 		strd	r0, [r3]
 196:Core/Src/AML_MotorControl.c ****     Input_Right = ABS((double)AML_Encoder_GetRightValue() / 96);
ARM GAS  C:\Users\anmh1\AppData\Local\Temp\cciD2LVN.s 			page 21


 933              		.loc 1 196 5 is_stmt 1 view .LVU165
 934              		.loc 1 196 31 is_stmt 0 view .LVU166
 935 001e FFF7FEFF 		bl	AML_Encoder_GetRightValue
 936              	.LVL72:
 937              		.loc 1 196 23 view .LVU167
 938 0022 FFF7FEFF 		bl	__aeabi_i2d
 939              	.LVL73:
 940              		.loc 1 196 19 view .LVU168
 941 0026 0022     		movs	r2, #0
 942 0028 114B     		ldr	r3, .L53+12
 943 002a FFF7FEFF 		bl	__aeabi_ddiv
 944              	.LVL74:
 945 002e 41EC100B 		vmov	d0, r0, r1
 946 0032 FFF7FEFF 		bl	ABS
 947              	.LVL75:
 948              		.loc 1 196 17 view .LVU169
 949 0036 0F4B     		ldr	r3, .L53+16
 950 0038 83ED000B 		vstr.64	d0, [r3]
 197:Core/Src/AML_MotorControl.c ****     AML_Encoder_ResetRightValue();
 951              		.loc 1 197 5 is_stmt 1 view .LVU170
 952 003c FFF7FEFF 		bl	AML_Encoder_ResetRightValue
 953              	.LVL76:
 198:Core/Src/AML_MotorControl.c **** 
 199:Core/Src/AML_MotorControl.c ****     PID_Compute(&PID_SpeedRight);
 954              		.loc 1 199 5 view .LVU171
 955 0040 0D48     		ldr	r0, .L53+20
 956 0042 FFF7FEFF 		bl	PID_Compute
 957              	.LVL77:
 200:Core/Src/AML_MotorControl.c **** 
 201:Core/Src/AML_MotorControl.c ****     AML_MotorControl_RightPWM(Output_Right * direction);
 958              		.loc 1 201 5 view .LVU172
 959              		.loc 1 201 44 is_stmt 0 view .LVU173
 960 0046 2046     		mov	r0, r4
 961 0048 FFF7FEFF 		bl	__aeabi_i2d
 962              	.LVL78:
 963 004c 0B4B     		ldr	r3, .L53+24
 964 004e D3E90023 		ldrd	r2, [r3]
 965 0052 FFF7FEFF 		bl	__aeabi_dmul
 966              	.LVL79:
 967              		.loc 1 201 5 view .LVU174
 968 0056 FFF7FEFF 		bl	__aeabi_d2iz
 969              	.LVL80:
 970 005a 00B2     		sxth	r0, r0
 971 005c FFF7FEFF 		bl	AML_MotorControl_RightPWM
 972              	.LVL81:
 202:Core/Src/AML_MotorControl.c **** }
 973              		.loc 1 202 1 view .LVU175
 974 0060 10BD     		pop	{r4, pc}
 975              	.L54:
 976 0062 00BF     		.align	2
 977              	.L53:
 978 0064 00805640 		.word	1079410688
 979 0068 00002C40 		.word	1076625408
 980 006c 00000000 		.word	Setpoint_Right
 981 0070 00005840 		.word	1079508992
 982 0074 00000000 		.word	Input_Right
 983 0078 00000000 		.word	PID_SpeedRight
ARM GAS  C:\Users\anmh1\AppData\Local\Temp\cciD2LVN.s 			page 22


 984 007c 00000000 		.word	Output_Right
 985              		.cfi_endproc
 986              	.LFE144:
 988              		.section	.text.AML_MotorControl_MoveLeft,"ax",%progbits
 989              		.align	1
 990              		.global	AML_MotorControl_MoveLeft
 991              		.syntax unified
 992              		.thumb
 993              		.thumb_func
 994              		.fpu fpv4-sp-d16
 996              	AML_MotorControl_MoveLeft:
 997              	.LVL82:
 998              	.LFB145:
 203:Core/Src/AML_MotorControl.c **** 
 204:Core/Src/AML_MotorControl.c **** void AML_MotorControl_MoveLeft(double distance, short direction)
 205:Core/Src/AML_MotorControl.c **** {
 999              		.loc 1 205 1 is_stmt 1 view -0
 1000              		.cfi_startproc
 1001              		@ args = 0, pretend = 0, frame = 0
 1002              		@ frame_needed = 0, uses_anonymous_args = 0
 1003              		.loc 1 205 1 is_stmt 0 view .LVU177
 1004 0000 10B5     		push	{r4, lr}
 1005              		.cfi_def_cfa_offset 8
 1006              		.cfi_offset 4, -8
 1007              		.cfi_offset 14, -4
 1008 0002 0446     		mov	r4, r0
 206:Core/Src/AML_MotorControl.c ****     Setpoint_Left = distance;
 1009              		.loc 1 206 5 is_stmt 1 view .LVU178
 1010              		.loc 1 206 19 is_stmt 0 view .LVU179
 1011 0004 0F4B     		ldr	r3, .L57
 1012 0006 83ED000B 		vstr.64	d0, [r3]
 207:Core/Src/AML_MotorControl.c ****     Input_Left = abs(AML_Encoder_GetLeftValue());
 1013              		.loc 1 207 5 is_stmt 1 view .LVU180
 1014              		.loc 1 207 22 is_stmt 0 view .LVU181
 1015 000a FFF7FEFF 		bl	AML_Encoder_GetLeftValue
 1016              	.LVL83:
 1017              		.loc 1 207 18 view .LVU182
 1018 000e 0028     		cmp	r0, #0
 1019 0010 B8BF     		it	lt
 1020 0012 4042     		rsblt	r0, r0, #0
 1021              		.loc 1 207 16 view .LVU183
 1022 0014 80B2     		uxth	r0, r0
 1023 0016 FFF7FEFF 		bl	__aeabi_i2d
 1024              	.LVL84:
 1025 001a 0B4B     		ldr	r3, .L57+4
 1026 001c C3E90001 		strd	r0, [r3]
 208:Core/Src/AML_MotorControl.c **** 
 209:Core/Src/AML_MotorControl.c ****     PID_Compute(&PID_PositionLeft);
 1027              		.loc 1 209 5 is_stmt 1 view .LVU184
 1028 0020 0A48     		ldr	r0, .L57+8
 1029 0022 FFF7FEFF 		bl	PID_Compute
 1030              	.LVL85:
 210:Core/Src/AML_MotorControl.c **** 
 211:Core/Src/AML_MotorControl.c ****     AML_MotorControl_LeftPWM(Output_Left * direction);
 1031              		.loc 1 211 5 view .LVU185
 1032              		.loc 1 211 42 is_stmt 0 view .LVU186
 1033 0026 2046     		mov	r0, r4
ARM GAS  C:\Users\anmh1\AppData\Local\Temp\cciD2LVN.s 			page 23


 1034 0028 FFF7FEFF 		bl	__aeabi_i2d
 1035              	.LVL86:
 1036 002c 084B     		ldr	r3, .L57+12
 1037 002e D3E90023 		ldrd	r2, [r3]
 1038 0032 FFF7FEFF 		bl	__aeabi_dmul
 1039              	.LVL87:
 1040              		.loc 1 211 5 view .LVU187
 1041 0036 FFF7FEFF 		bl	__aeabi_d2iz
 1042              	.LVL88:
 1043 003a 00B2     		sxth	r0, r0
 1044 003c FFF7FEFF 		bl	AML_MotorControl_LeftPWM
 1045              	.LVL89:
 212:Core/Src/AML_MotorControl.c **** }
 1046              		.loc 1 212 1 view .LVU188
 1047 0040 10BD     		pop	{r4, pc}
 1048              	.L58:
 1049 0042 00BF     		.align	2
 1050              	.L57:
 1051 0044 00000000 		.word	Setpoint_Left
 1052 0048 00000000 		.word	Input_Left
 1053 004c 00000000 		.word	PID_PositionLeft
 1054 0050 00000000 		.word	Output_Left
 1055              		.cfi_endproc
 1056              	.LFE145:
 1058              		.section	.text.AML_MotorControl_MoveRight,"ax",%progbits
 1059              		.align	1
 1060              		.global	AML_MotorControl_MoveRight
 1061              		.syntax unified
 1062              		.thumb
 1063              		.thumb_func
 1064              		.fpu fpv4-sp-d16
 1066              	AML_MotorControl_MoveRight:
 1067              	.LVL90:
 1068              	.LFB146:
 213:Core/Src/AML_MotorControl.c **** 
 214:Core/Src/AML_MotorControl.c **** void AML_MotorControl_MoveRight(double distance, short direction)
 215:Core/Src/AML_MotorControl.c **** {
 1069              		.loc 1 215 1 is_stmt 1 view -0
 1070              		.cfi_startproc
 1071              		@ args = 0, pretend = 0, frame = 0
 1072              		@ frame_needed = 0, uses_anonymous_args = 0
 1073              		.loc 1 215 1 is_stmt 0 view .LVU190
 1074 0000 10B5     		push	{r4, lr}
 1075              		.cfi_def_cfa_offset 8
 1076              		.cfi_offset 4, -8
 1077              		.cfi_offset 14, -4
 1078 0002 0446     		mov	r4, r0
 216:Core/Src/AML_MotorControl.c ****     Setpoint_Right = distance;
 1079              		.loc 1 216 5 is_stmt 1 view .LVU191
 1080              		.loc 1 216 20 is_stmt 0 view .LVU192
 1081 0004 0F4B     		ldr	r3, .L61
 1082 0006 83ED000B 		vstr.64	d0, [r3]
 217:Core/Src/AML_MotorControl.c ****     Input_Right = abs(AML_Encoder_GetRightValue());
 1083              		.loc 1 217 5 is_stmt 1 view .LVU193
 1084              		.loc 1 217 23 is_stmt 0 view .LVU194
 1085 000a FFF7FEFF 		bl	AML_Encoder_GetRightValue
 1086              	.LVL91:
ARM GAS  C:\Users\anmh1\AppData\Local\Temp\cciD2LVN.s 			page 24


 1087              		.loc 1 217 19 view .LVU195
 1088 000e 0028     		cmp	r0, #0
 1089 0010 B8BF     		it	lt
 1090 0012 4042     		rsblt	r0, r0, #0
 1091              		.loc 1 217 17 view .LVU196
 1092 0014 80B2     		uxth	r0, r0
 1093 0016 FFF7FEFF 		bl	__aeabi_i2d
 1094              	.LVL92:
 1095 001a 0B4B     		ldr	r3, .L61+4
 1096 001c C3E90001 		strd	r0, [r3]
 218:Core/Src/AML_MotorControl.c **** 
 219:Core/Src/AML_MotorControl.c ****     PID_Compute(&PID_PositionRight);
 1097              		.loc 1 219 5 is_stmt 1 view .LVU197
 1098 0020 0A48     		ldr	r0, .L61+8
 1099 0022 FFF7FEFF 		bl	PID_Compute
 1100              	.LVL93:
 220:Core/Src/AML_MotorControl.c **** 
 221:Core/Src/AML_MotorControl.c ****     AML_MotorControl_RightPWM(Output_Right * direction);
 1101              		.loc 1 221 5 view .LVU198
 1102              		.loc 1 221 44 is_stmt 0 view .LVU199
 1103 0026 2046     		mov	r0, r4
 1104 0028 FFF7FEFF 		bl	__aeabi_i2d
 1105              	.LVL94:
 1106 002c 084B     		ldr	r3, .L61+12
 1107 002e D3E90023 		ldrd	r2, [r3]
 1108 0032 FFF7FEFF 		bl	__aeabi_dmul
 1109              	.LVL95:
 1110              		.loc 1 221 5 view .LVU200
 1111 0036 FFF7FEFF 		bl	__aeabi_d2iz
 1112              	.LVL96:
 1113 003a 00B2     		sxth	r0, r0
 1114 003c FFF7FEFF 		bl	AML_MotorControl_RightPWM
 1115              	.LVL97:
 222:Core/Src/AML_MotorControl.c **** }...
 1116              		.loc 1 222 1 view .LVU201
 1117 0040 10BD     		pop	{r4, pc}
 1118              	.L62:
 1119 0042 00BF     		.align	2
 1120              	.L61:
 1121 0044 00000000 		.word	Setpoint_Right
 1122 0048 00000000 		.word	Input_Right
 1123 004c 00000000 		.word	PID_PositionRight
 1124 0050 00000000 		.word	Output_Right
 1125              		.cfi_endproc
 1126              	.LFE146:
 1128              		.global	PreviousTime
 1129              		.global	OutputMax
 1130              		.global	OutputMin
 1131              		.global	Position_Kd
 1132              		.global	Position_Ki
 1133              		.global	Position_Kp
 1134              		.global	Speed_Kd_Right
 1135              		.global	Speed_Ki_Right
 1136              		.global	Speed_Kp_Right
 1137              		.global	Speed_Kd_Left
 1138              		.global	Speed_Ki_Left
 1139              		.global	Speed_Kp_Left
ARM GAS  C:\Users\anmh1\AppData\Local\Temp\cciD2LVN.s 			page 25


 1140              		.comm	Setpoint_Right,8,8
 1141              		.comm	Output_Right,8,8
 1142              		.comm	Input_Right,8,8
 1143              		.comm	Setpoint_Left,8,8
 1144              		.comm	Output_Left,8,8
 1145              		.comm	Input_Left,8,8
 1146              		.comm	PID_PositionRight,112,8
 1147              		.comm	PID_PositionLeft,112,8
 1148              		.comm	PID_SpeedRight,112,8
 1149              		.comm	PID_SpeedLeft,112,8
 1150              		.global	period
 1151              		.global	direction
 1152              		.global	PreviousRightEncoderValue
 1153              		.global	PreviousLeftEncoderValue
 1154              		.section	.bss.OutputMin,"aw",%nobits
 1155              		.align	1
 1156              		.set	.LANCHOR10,. + 0
 1159              	OutputMin:
 1160 0000 0000     		.space	2
 1161              		.section	.bss.Position_Kd,"aw",%nobits
 1162              		.align	3
 1163              		.set	.LANCHOR6,. + 0
 1166              	Position_Kd:
 1167 0000 00000000 		.space	8
 1167      00000000 
 1168              		.section	.bss.PreviousLeftEncoderValue,"aw",%nobits
 1169              		.align	2
 1172              	PreviousLeftEncoderValue:
 1173 0000 00000000 		.space	4
 1174              		.section	.bss.PreviousRightEncoderValue,"aw",%nobits
 1175              		.align	2
 1178              	PreviousRightEncoderValue:
 1179 0000 00000000 		.space	4
 1180              		.section	.bss.PreviousTime,"aw",%nobits
 1181              		.align	3
 1184              	PreviousTime:
 1185 0000 00000000 		.space	8
 1185      00000000 
 1186              		.section	.bss.Speed_Kd_Left,"aw",%nobits
 1187              		.align	3
 1188              		.set	.LANCHOR0,. + 0
 1191              	Speed_Kd_Left:
 1192 0000 00000000 		.space	8
 1192      00000000 
 1193              		.section	.bss.Speed_Kd_Right,"aw",%nobits
 1194              		.align	3
 1195              		.set	.LANCHOR3,. + 0
 1198              	Speed_Kd_Right:
 1199 0000 00000000 		.space	8
 1199      00000000 
 1200              		.section	.data.OutputMax,"aw"
 1201              		.align	1
 1202              		.set	.LANCHOR9,. + 0
 1205              	OutputMax:
 1206 0000 5000     		.short	80
 1207              		.section	.data.Position_Ki,"aw"
 1208              		.align	3
ARM GAS  C:\Users\anmh1\AppData\Local\Temp\cciD2LVN.s 			page 26


 1209              		.set	.LANCHOR7,. + 0
 1212              	Position_Ki:
 1213 0000 79E92631 		.word	824633721
 1214 0004 08AC7C3F 		.word	1065135112
 1215              		.section	.data.Position_Kp,"aw"
 1216              		.align	3
 1217              		.set	.LANCHOR8,. + 0
 1220              	Position_Kp:
 1221 0000 7B14AE47 		.word	1202590843
 1222 0004 E17A743F 		.word	1064598241
 1223              		.section	.data.Speed_Ki_Left,"aw"
 1224              		.align	3
 1225              		.set	.LANCHOR1,. + 0
 1228              	Speed_Ki_Left:
 1229 0000 00000000 		.word	0
 1230 0004 0000F03F 		.word	1072693248
 1231              		.section	.data.Speed_Ki_Right,"aw"
 1232              		.align	3
 1233              		.set	.LANCHOR4,. + 0
 1236              	Speed_Ki_Right:
 1237 0000 00000000 		.word	0
 1238 0004 0000F03F 		.word	1072693248
 1239              		.section	.data.Speed_Kp_Left,"aw"
 1240              		.align	3
 1241              		.set	.LANCHOR2,. + 0
 1244              	Speed_Kp_Left:
 1245 0000 00000000 		.word	0
 1246 0004 00000840 		.word	1074266112
 1247              		.section	.data.Speed_Kp_Right,"aw"
 1248              		.align	3
 1249              		.set	.LANCHOR5,. + 0
 1252              	Speed_Kp_Right:
 1253 0000 00000000 		.word	0
 1254 0004 00000040 		.word	1073741824
 1255              		.section	.data.direction,"aw"
 1256              		.align	1
 1257              		.set	.LANCHOR12,. + 0
 1260              	direction:
 1261 0000 0100     		.short	1
 1262              		.section	.data.period,"aw"
 1263              		.align	2
 1264              		.set	.LANCHOR11,. + 0
 1267              	period:
 1268 0000 7F0C0000 		.word	3199
 1269              		.text
 1270              	.Letext0:
 1271              		.file 2 "c:\\make\\test\\gcc-arm-none-eabi-9-2019-q4-major-win32\\arm-none-eabi\\include\\machine\
 1272              		.file 3 "c:\\make\\test\\gcc-arm-none-eabi-9-2019-q4-major-win32\\arm-none-eabi\\include\\sys\\_st
 1273              		.file 4 "Drivers/CMSIS/Include/core_cm4.h"
 1274              		.file 5 "Drivers/CMSIS/Device/ST/STM32F4xx/Include/system_stm32f4xx.h"
 1275              		.file 6 "Drivers/CMSIS/Device/ST/STM32F4xx/Include/stm32f407xx.h"
 1276              		.file 7 "Drivers/STM32F4xx_HAL_Driver/Inc/stm32f4xx_hal_def.h"
 1277              		.file 8 "Drivers/STM32F4xx_HAL_Driver/Inc/stm32f4xx_hal_gpio.h"
 1278              		.file 9 "Drivers/STM32F4xx_HAL_Driver/Inc/stm32f4xx_hal_dma.h"
 1279              		.file 10 "Drivers/STM32F4xx_HAL_Driver/Inc/stm32f4xx_hal_tim.h"
 1280              		.file 11 "Drivers/STM32F4xx_HAL_Driver/Inc/stm32f4xx_hal.h"
 1281              		.file 12 "c:\\make\\test\\gcc-arm-none-eabi-9-2019-q4-major-win32\\arm-none-eabi\\include\\sys\\lo
ARM GAS  C:\Users\anmh1\AppData\Local\Temp\cciD2LVN.s 			page 27


 1282              		.file 13 "c:\\make\\test\\gcc-arm-none-eabi-9-2019-q4-major-win32\\arm-none-eabi\\include\\sys\\_t
 1283              		.file 14 "c:\\make\\test\\gcc-arm-none-eabi-9-2019-q4-major-win32\\lib\\gcc\\arm-none-eabi\\9.2.1\
 1284              		.file 15 "c:\\make\\test\\gcc-arm-none-eabi-9-2019-q4-major-win32\\arm-none-eabi\\include\\sys\\re
 1285              		.file 16 "Core/Inc/pid.h"
 1286              		.file 17 "c:\\make\\test\\gcc-arm-none-eabi-9-2019-q4-major-win32\\arm-none-eabi\\include\\math.h"
 1287              		.file 18 "<built-in>"
 1288              		.file 19 "Core/Inc/AML_Encoder.h"
ARM GAS  C:\Users\anmh1\AppData\Local\Temp\cciD2LVN.s 			page 28


DEFINED SYMBOLS
                            *ABS*:00000000 AML_MotorControl.c
C:\Users\anmh1\AppData\Local\Temp\cciD2LVN.s:19     .text.ABS:00000000 $t
C:\Users\anmh1\AppData\Local\Temp\cciD2LVN.s:27     .text.ABS:00000000 ABS
C:\Users\anmh1\AppData\Local\Temp\cciD2LVN.s:67     .text.AML_MotorControl_PIDSetSampleTime:00000000 $t
C:\Users\anmh1\AppData\Local\Temp\cciD2LVN.s:74     .text.AML_MotorControl_PIDSetSampleTime:00000000 AML_MotorControl_PIDSetSampleTime
C:\Users\anmh1\AppData\Local\Temp\cciD2LVN.s:103    .text.AML_MotorControl_PIDSetSampleTime:00000014 $d
                            *COM*:00000070 PID_SpeedLeft
                            *COM*:00000070 PID_SpeedRight
                            *COM*:00000070 PID_PositionLeft
                            *COM*:00000070 PID_PositionRight
C:\Users\anmh1\AppData\Local\Temp\cciD2LVN.s:111    .text.AML_MotorControl_PIDSetOutputLimits:00000000 $t
C:\Users\anmh1\AppData\Local\Temp\cciD2LVN.s:118    .text.AML_MotorControl_PIDSetOutputLimits:00000000 AML_MotorControl_PIDSetOutputLimits
C:\Users\anmh1\AppData\Local\Temp\cciD2LVN.s:159    .text.AML_MotorControl_PIDSetOutputLimits:0000002c $d
C:\Users\anmh1\AppData\Local\Temp\cciD2LVN.s:167    .text.AML_MotorControl_PIDSetMode:00000000 $t
C:\Users\anmh1\AppData\Local\Temp\cciD2LVN.s:174    .text.AML_MotorControl_PIDSetMode:00000000 AML_MotorControl_PIDSetMode
C:\Users\anmh1\AppData\Local\Temp\cciD2LVN.s:214    .text.AML_MotorControl_PIDSetMode:00000028 $d
C:\Users\anmh1\AppData\Local\Temp\cciD2LVN.s:223    .text.AML_MotorControl_PIDSetup:00000000 $t
C:\Users\anmh1\AppData\Local\Temp\cciD2LVN.s:230    .text.AML_MotorControl_PIDSetup:00000000 AML_MotorControl_PIDSetup
C:\Users\anmh1\AppData\Local\Temp\cciD2LVN.s:372    .text.AML_MotorControl_PIDSetup:00000104 $d
                            *COM*:00000008 Input_Left
                            *COM*:00000008 Setpoint_Right
                            *COM*:00000008 Output_Right
                            *COM*:00000008 Input_Right
                            *COM*:00000008 Setpoint_Left
                            *COM*:00000008 Output_Left
C:\Users\anmh1\AppData\Local\Temp\cciD2LVN.s:397    .text.AML_MotorControl_Setup:00000000 $t
C:\Users\anmh1\AppData\Local\Temp\cciD2LVN.s:404    .text.AML_MotorControl_Setup:00000000 AML_MotorControl_Setup
C:\Users\anmh1\AppData\Local\Temp\cciD2LVN.s:450    .text.AML_MotorControl_Setup:00000034 $d
C:\Users\anmh1\AppData\Local\Temp\cciD2LVN.s:457    .text.AML_MotorControl_LeftPWM:00000000 $t
C:\Users\anmh1\AppData\Local\Temp\cciD2LVN.s:464    .text.AML_MotorControl_LeftPWM:00000000 AML_MotorControl_LeftPWM
C:\Users\anmh1\AppData\Local\Temp\cciD2LVN.s:590    .text.AML_MotorControl_LeftPWM:000000a0 $d
C:\Users\anmh1\AppData\Local\Temp\cciD2LVN.s:599    .text.AML_MotorControl_RightPWM:00000000 $t
C:\Users\anmh1\AppData\Local\Temp\cciD2LVN.s:606    .text.AML_MotorControl_RightPWM:00000000 AML_MotorControl_RightPWM
C:\Users\anmh1\AppData\Local\Temp\cciD2LVN.s:732    .text.AML_MotorControl_RightPWM:000000a0 $d
C:\Users\anmh1\AppData\Local\Temp\cciD2LVN.s:741    .text.AML_MotorControl_SetDirection:00000000 $t
C:\Users\anmh1\AppData\Local\Temp\cciD2LVN.s:748    .text.AML_MotorControl_SetDirection:00000000 AML_MotorControl_SetDirection
C:\Users\anmh1\AppData\Local\Temp\cciD2LVN.s:765    .text.AML_MotorControl_SetDirection:00000008 $d
C:\Users\anmh1\AppData\Local\Temp\cciD2LVN.s:770    .text.AML_MotorControl_ToggleDirection:00000000 $t
C:\Users\anmh1\AppData\Local\Temp\cciD2LVN.s:777    .text.AML_MotorControl_ToggleDirection:00000000 AML_MotorControl_ToggleDirection
C:\Users\anmh1\AppData\Local\Temp\cciD2LVN.s:795    .text.AML_MotorControl_ToggleDirection:0000000c $d
C:\Users\anmh1\AppData\Local\Temp\cciD2LVN.s:803    .text.AML_MotorControl_SetLeftSpeed:00000000 $t
C:\Users\anmh1\AppData\Local\Temp\cciD2LVN.s:810    .text.AML_MotorControl_SetLeftSpeed:00000000 AML_MotorControl_SetLeftSpeed
C:\Users\anmh1\AppData\Local\Temp\cciD2LVN.s:885    .text.AML_MotorControl_SetLeftSpeed:00000064 $d
C:\Users\anmh1\AppData\Local\Temp\cciD2LVN.s:896    .text.AML_MotorControl_SetRightSpeed:00000000 $t
C:\Users\anmh1\AppData\Local\Temp\cciD2LVN.s:903    .text.AML_MotorControl_SetRightSpeed:00000000 AML_MotorControl_SetRightSpeed
C:\Users\anmh1\AppData\Local\Temp\cciD2LVN.s:978    .text.AML_MotorControl_SetRightSpeed:00000064 $d
C:\Users\anmh1\AppData\Local\Temp\cciD2LVN.s:989    .text.AML_MotorControl_MoveLeft:00000000 $t
C:\Users\anmh1\AppData\Local\Temp\cciD2LVN.s:996    .text.AML_MotorControl_MoveLeft:00000000 AML_MotorControl_MoveLeft
C:\Users\anmh1\AppData\Local\Temp\cciD2LVN.s:1051   .text.AML_MotorControl_MoveLeft:00000044 $d
C:\Users\anmh1\AppData\Local\Temp\cciD2LVN.s:1059   .text.AML_MotorControl_MoveRight:00000000 $t
C:\Users\anmh1\AppData\Local\Temp\cciD2LVN.s:1066   .text.AML_MotorControl_MoveRight:00000000 AML_MotorControl_MoveRight
C:\Users\anmh1\AppData\Local\Temp\cciD2LVN.s:1121   .text.AML_MotorControl_MoveRight:00000044 $d
C:\Users\anmh1\AppData\Local\Temp\cciD2LVN.s:1184   .bss.PreviousTime:00000000 PreviousTime
C:\Users\anmh1\AppData\Local\Temp\cciD2LVN.s:1205   .data.OutputMax:00000000 OutputMax
C:\Users\anmh1\AppData\Local\Temp\cciD2LVN.s:1159   .bss.OutputMin:00000000 OutputMin
C:\Users\anmh1\AppData\Local\Temp\cciD2LVN.s:1166   .bss.Position_Kd:00000000 Position_Kd
ARM GAS  C:\Users\anmh1\AppData\Local\Temp\cciD2LVN.s 			page 29


C:\Users\anmh1\AppData\Local\Temp\cciD2LVN.s:1212   .data.Position_Ki:00000000 Position_Ki
C:\Users\anmh1\AppData\Local\Temp\cciD2LVN.s:1220   .data.Position_Kp:00000000 Position_Kp
C:\Users\anmh1\AppData\Local\Temp\cciD2LVN.s:1198   .bss.Speed_Kd_Right:00000000 Speed_Kd_Right
C:\Users\anmh1\AppData\Local\Temp\cciD2LVN.s:1236   .data.Speed_Ki_Right:00000000 Speed_Ki_Right
C:\Users\anmh1\AppData\Local\Temp\cciD2LVN.s:1252   .data.Speed_Kp_Right:00000000 Speed_Kp_Right
C:\Users\anmh1\AppData\Local\Temp\cciD2LVN.s:1191   .bss.Speed_Kd_Left:00000000 Speed_Kd_Left
C:\Users\anmh1\AppData\Local\Temp\cciD2LVN.s:1228   .data.Speed_Ki_Left:00000000 Speed_Ki_Left
C:\Users\anmh1\AppData\Local\Temp\cciD2LVN.s:1244   .data.Speed_Kp_Left:00000000 Speed_Kp_Left
C:\Users\anmh1\AppData\Local\Temp\cciD2LVN.s:1267   .data.period:00000000 period
C:\Users\anmh1\AppData\Local\Temp\cciD2LVN.s:1260   .data.direction:00000000 direction
C:\Users\anmh1\AppData\Local\Temp\cciD2LVN.s:1178   .bss.PreviousRightEncoderValue:00000000 PreviousRightEncoderValue
C:\Users\anmh1\AppData\Local\Temp\cciD2LVN.s:1172   .bss.PreviousLeftEncoderValue:00000000 PreviousLeftEncoderValue
C:\Users\anmh1\AppData\Local\Temp\cciD2LVN.s:1155   .bss.OutputMin:00000000 $d
C:\Users\anmh1\AppData\Local\Temp\cciD2LVN.s:1162   .bss.Position_Kd:00000000 $d
C:\Users\anmh1\AppData\Local\Temp\cciD2LVN.s:1169   .bss.PreviousLeftEncoderValue:00000000 $d
C:\Users\anmh1\AppData\Local\Temp\cciD2LVN.s:1175   .bss.PreviousRightEncoderValue:00000000 $d
C:\Users\anmh1\AppData\Local\Temp\cciD2LVN.s:1181   .bss.PreviousTime:00000000 $d
C:\Users\anmh1\AppData\Local\Temp\cciD2LVN.s:1187   .bss.Speed_Kd_Left:00000000 $d
C:\Users\anmh1\AppData\Local\Temp\cciD2LVN.s:1194   .bss.Speed_Kd_Right:00000000 $d
C:\Users\anmh1\AppData\Local\Temp\cciD2LVN.s:1201   .data.OutputMax:00000000 $d
C:\Users\anmh1\AppData\Local\Temp\cciD2LVN.s:1208   .data.Position_Ki:00000000 $d
C:\Users\anmh1\AppData\Local\Temp\cciD2LVN.s:1216   .data.Position_Kp:00000000 $d
C:\Users\anmh1\AppData\Local\Temp\cciD2LVN.s:1224   .data.Speed_Ki_Left:00000000 $d
C:\Users\anmh1\AppData\Local\Temp\cciD2LVN.s:1232   .data.Speed_Ki_Right:00000000 $d
C:\Users\anmh1\AppData\Local\Temp\cciD2LVN.s:1240   .data.Speed_Kp_Left:00000000 $d
C:\Users\anmh1\AppData\Local\Temp\cciD2LVN.s:1248   .data.Speed_Kp_Right:00000000 $d
C:\Users\anmh1\AppData\Local\Temp\cciD2LVN.s:1256   .data.direction:00000000 $d
C:\Users\anmh1\AppData\Local\Temp\cciD2LVN.s:1263   .data.period:00000000 $d

UNDEFINED SYMBOLS
__aeabi_dcmpgt
PID_SetMode
__aeabi_i2d
PID_Init
PID
HAL_TIM_Base_Start
HAL_TIM_PWM_Start
HAL_GPIO_WritePin
htim2
__aeabi_dmul
__aeabi_ddiv
__aeabi_d2iz
AML_Encoder_GetLeftValue
AML_Encoder_ResetLeftValue
PID_Compute
AML_Encoder_GetRightValue
AML_Encoder_ResetRightValue
