ARM GAS  C:\Users\anmh1\AppData\Local\Temp\cc3T2oPy.s 			page 1


   1              		.cpu cortex-m4
   2              		.eabi_attribute 27, 1
   3              		.eabi_attribute 28, 1
   4              		.eabi_attribute 20, 1
   5              		.eabi_attribute 21, 1
   6              		.eabi_attribute 23, 3
   7              		.eabi_attribute 24, 1
   8              		.eabi_attribute 25, 1
   9              		.eabi_attribute 26, 1
  10              		.eabi_attribute 30, 1
  11              		.eabi_attribute 34, 1
  12              		.eabi_attribute 18, 4
  13              		.file	"AML_DebugDevice.c"
  14              		.text
  15              	.Ltext0:
  16              		.cfi_sections	.debug_frame
  17              		.section	.text.AML_DebugDevice_TurnOnLED,"ax",%progbits
  18              		.align	1
  19              		.global	AML_DebugDevice_TurnOnLED
  20              		.arch armv7e-m
  21              		.syntax unified
  22              		.thumb
  23              		.thumb_func
  24              		.fpu fpv4-sp-d16
  26              	AML_DebugDevice_TurnOnLED:
  27              	.LVL0:
  28              	.LFB130:
  29              		.file 1 "Core/Src/AML_DebugDevice.c"
   1:Core/Src/AML_DebugDevice.c **** #include "AML_DebugDevice.h"
   2:Core/Src/AML_DebugDevice.c **** 
   3:Core/Src/AML_DebugDevice.c **** uint16_t Led[8] = {GPIO_PIN_0, GPIO_PIN_1, GPIO_PIN_2, GPIO_PIN_3, GPIO_PIN_4, GPIO_PIN_5, GPIO_PIN
   4:Core/Src/AML_DebugDevice.c **** 
   5:Core/Src/AML_DebugDevice.c **** void AML_DebugDevice_TurnOnLED(COLOR color)
   6:Core/Src/AML_DebugDevice.c **** {
  30              		.loc 1 6 1 view -0
  31              		.cfi_startproc
  32              		@ args = 0, pretend = 0, frame = 0
  33              		@ frame_needed = 0, uses_anonymous_args = 0
  34              		.loc 1 6 1 is_stmt 0 view .LVU1
  35 0000 08B5     		push	{r3, lr}
  36              		.cfi_def_cfa_offset 8
  37              		.cfi_offset 3, -8
  38              		.cfi_offset 14, -4
   7:Core/Src/AML_DebugDevice.c ****     HAL_GPIO_WritePin(LEDPORT, Led[color], GPIO_PIN_SET);
  39              		.loc 1 7 5 is_stmt 1 view .LVU2
  40 0002 0122     		movs	r2, #1
  41 0004 034B     		ldr	r3, .L3
  42 0006 33F81010 		ldrh	r1, [r3, r0, lsl #1]
  43 000a 0348     		ldr	r0, .L3+4
  44              	.LVL1:
  45              		.loc 1 7 5 is_stmt 0 view .LVU3
  46 000c FFF7FEFF 		bl	HAL_GPIO_WritePin
  47              	.LVL2:
   8:Core/Src/AML_DebugDevice.c **** }
  48              		.loc 1 8 1 view .LVU4
  49 0010 08BD     		pop	{r3, pc}
  50              	.L4:
ARM GAS  C:\Users\anmh1\AppData\Local\Temp\cc3T2oPy.s 			page 2


  51 0012 00BF     		.align	2
  52              	.L3:
  53 0014 00000000 		.word	.LANCHOR0
  54 0018 00080240 		.word	1073874944
  55              		.cfi_endproc
  56              	.LFE130:
  58              		.section	.text.AML_DebugDevice_TurnOffLED,"ax",%progbits
  59              		.align	1
  60              		.global	AML_DebugDevice_TurnOffLED
  61              		.syntax unified
  62              		.thumb
  63              		.thumb_func
  64              		.fpu fpv4-sp-d16
  66              	AML_DebugDevice_TurnOffLED:
  67              	.LVL3:
  68              	.LFB131:
   9:Core/Src/AML_DebugDevice.c **** 
  10:Core/Src/AML_DebugDevice.c **** void AML_DebugDevice_TurnOffLED(COLOR color)
  11:Core/Src/AML_DebugDevice.c **** {
  69              		.loc 1 11 1 is_stmt 1 view -0
  70              		.cfi_startproc
  71              		@ args = 0, pretend = 0, frame = 0
  72              		@ frame_needed = 0, uses_anonymous_args = 0
  73              		.loc 1 11 1 is_stmt 0 view .LVU6
  74 0000 08B5     		push	{r3, lr}
  75              		.cfi_def_cfa_offset 8
  76              		.cfi_offset 3, -8
  77              		.cfi_offset 14, -4
  12:Core/Src/AML_DebugDevice.c ****     HAL_GPIO_WritePin(LEDPORT, Led[color], GPIO_PIN_RESET);
  78              		.loc 1 12 5 is_stmt 1 view .LVU7
  79 0002 0022     		movs	r2, #0
  80 0004 034B     		ldr	r3, .L7
  81 0006 33F81010 		ldrh	r1, [r3, r0, lsl #1]
  82 000a 0348     		ldr	r0, .L7+4
  83              	.LVL4:
  84              		.loc 1 12 5 is_stmt 0 view .LVU8
  85 000c FFF7FEFF 		bl	HAL_GPIO_WritePin
  86              	.LVL5:
  13:Core/Src/AML_DebugDevice.c **** }
  87              		.loc 1 13 1 view .LVU9
  88 0010 08BD     		pop	{r3, pc}
  89              	.L8:
  90 0012 00BF     		.align	2
  91              	.L7:
  92 0014 00000000 		.word	.LANCHOR0
  93 0018 00080240 		.word	1073874944
  94              		.cfi_endproc
  95              	.LFE131:
  97              		.section	.text.AML_DebugDevice_ToggleLED,"ax",%progbits
  98              		.align	1
  99              		.global	AML_DebugDevice_ToggleLED
 100              		.syntax unified
 101              		.thumb
 102              		.thumb_func
 103              		.fpu fpv4-sp-d16
 105              	AML_DebugDevice_ToggleLED:
 106              	.LVL6:
ARM GAS  C:\Users\anmh1\AppData\Local\Temp\cc3T2oPy.s 			page 3


 107              	.LFB132:
  14:Core/Src/AML_DebugDevice.c **** 
  15:Core/Src/AML_DebugDevice.c **** void AML_DebugDevice_ToggleLED(COLOR color)
  16:Core/Src/AML_DebugDevice.c **** {
 108              		.loc 1 16 1 is_stmt 1 view -0
 109              		.cfi_startproc
 110              		@ args = 0, pretend = 0, frame = 0
 111              		@ frame_needed = 0, uses_anonymous_args = 0
 112              		.loc 1 16 1 is_stmt 0 view .LVU11
 113 0000 08B5     		push	{r3, lr}
 114              		.cfi_def_cfa_offset 8
 115              		.cfi_offset 3, -8
 116              		.cfi_offset 14, -4
  17:Core/Src/AML_DebugDevice.c ****     HAL_GPIO_TogglePin(LEDPORT, Led[color]);
 117              		.loc 1 17 5 is_stmt 1 view .LVU12
 118 0002 034B     		ldr	r3, .L11
 119 0004 33F81010 		ldrh	r1, [r3, r0, lsl #1]
 120 0008 0248     		ldr	r0, .L11+4
 121              	.LVL7:
 122              		.loc 1 17 5 is_stmt 0 view .LVU13
 123 000a FFF7FEFF 		bl	HAL_GPIO_TogglePin
 124              	.LVL8:
  18:Core/Src/AML_DebugDevice.c **** }
 125              		.loc 1 18 1 view .LVU14
 126 000e 08BD     		pop	{r3, pc}
 127              	.L12:
 128              		.align	2
 129              	.L11:
 130 0010 00000000 		.word	.LANCHOR0
 131 0014 00080240 		.word	1073874944
 132              		.cfi_endproc
 133              	.LFE132:
 135              		.section	.text.AML_DebugDevice_SetLED,"ax",%progbits
 136              		.align	1
 137              		.global	AML_DebugDevice_SetLED
 138              		.syntax unified
 139              		.thumb
 140              		.thumb_func
 141              		.fpu fpv4-sp-d16
 143              	AML_DebugDevice_SetLED:
 144              	.LVL9:
 145              	.LFB133:
  19:Core/Src/AML_DebugDevice.c **** 
  20:Core/Src/AML_DebugDevice.c **** void AML_DebugDevice_SetLED(COLOR color, uint8_t state)
  21:Core/Src/AML_DebugDevice.c **** {
 146              		.loc 1 21 1 is_stmt 1 view -0
 147              		.cfi_startproc
 148              		@ args = 0, pretend = 0, frame = 0
 149              		@ frame_needed = 0, uses_anonymous_args = 0
 150              		.loc 1 21 1 is_stmt 0 view .LVU16
 151 0000 08B5     		push	{r3, lr}
 152              		.cfi_def_cfa_offset 8
 153              		.cfi_offset 3, -8
 154              		.cfi_offset 14, -4
 155 0002 0A46     		mov	r2, r1
  22:Core/Src/AML_DebugDevice.c ****     HAL_GPIO_WritePin(LEDPORT, Led[color], state);
 156              		.loc 1 22 5 is_stmt 1 view .LVU17
ARM GAS  C:\Users\anmh1\AppData\Local\Temp\cc3T2oPy.s 			page 4


 157 0004 034B     		ldr	r3, .L15
 158 0006 33F81010 		ldrh	r1, [r3, r0, lsl #1]
 159              	.LVL10:
 160              		.loc 1 22 5 is_stmt 0 view .LVU18
 161 000a 0348     		ldr	r0, .L15+4
 162              	.LVL11:
 163              		.loc 1 22 5 view .LVU19
 164 000c FFF7FEFF 		bl	HAL_GPIO_WritePin
 165              	.LVL12:
  23:Core/Src/AML_DebugDevice.c **** }
 166              		.loc 1 23 1 view .LVU20
 167 0010 08BD     		pop	{r3, pc}
 168              	.L16:
 169 0012 00BF     		.align	2
 170              	.L15:
 171 0014 00000000 		.word	.LANCHOR0
 172 0018 00080240 		.word	1073874944
 173              		.cfi_endproc
 174              	.LFE133:
 176              		.section	.text.AML_DebugDevice_SetAllLED,"ax",%progbits
 177              		.align	1
 178              		.global	AML_DebugDevice_SetAllLED
 179              		.syntax unified
 180              		.thumb
 181              		.thumb_func
 182              		.fpu fpv4-sp-d16
 184              	AML_DebugDevice_SetAllLED:
 185              	.LVL13:
 186              	.LFB134:
  24:Core/Src/AML_DebugDevice.c **** 
  25:Core/Src/AML_DebugDevice.c **** void AML_DebugDevice_SetAllLED(uint8_t state)
  26:Core/Src/AML_DebugDevice.c **** {
 187              		.loc 1 26 1 is_stmt 1 view -0
 188              		.cfi_startproc
 189              		@ args = 0, pretend = 0, frame = 0
 190              		@ frame_needed = 0, uses_anonymous_args = 0
 191              		.loc 1 26 1 is_stmt 0 view .LVU22
 192 0000 70B5     		push	{r4, r5, r6, lr}
 193              		.cfi_def_cfa_offset 16
 194              		.cfi_offset 4, -16
 195              		.cfi_offset 5, -12
 196              		.cfi_offset 6, -8
 197              		.cfi_offset 14, -4
 198 0002 0446     		mov	r4, r0
  27:Core/Src/AML_DebugDevice.c ****     HAL_GPIO_WritePin(LEDPORT, Led[0], state);
 199              		.loc 1 27 5 is_stmt 1 view .LVU23
 200 0004 154E     		ldr	r6, .L19
 201 0006 164D     		ldr	r5, .L19+4
 202 0008 0246     		mov	r2, r0
 203 000a 3188     		ldrh	r1, [r6]
 204 000c 2846     		mov	r0, r5
 205              	.LVL14:
 206              		.loc 1 27 5 is_stmt 0 view .LVU24
 207 000e FFF7FEFF 		bl	HAL_GPIO_WritePin
 208              	.LVL15:
  28:Core/Src/AML_DebugDevice.c ****     HAL_GPIO_WritePin(LEDPORT, Led[1], state);
 209              		.loc 1 28 5 is_stmt 1 view .LVU25
ARM GAS  C:\Users\anmh1\AppData\Local\Temp\cc3T2oPy.s 			page 5


 210 0012 2246     		mov	r2, r4
 211 0014 7188     		ldrh	r1, [r6, #2]
 212 0016 2846     		mov	r0, r5
 213 0018 FFF7FEFF 		bl	HAL_GPIO_WritePin
 214              	.LVL16:
  29:Core/Src/AML_DebugDevice.c ****     HAL_GPIO_WritePin(LEDPORT, Led[2], state);
 215              		.loc 1 29 5 view .LVU26
 216 001c 2246     		mov	r2, r4
 217 001e B188     		ldrh	r1, [r6, #4]
 218 0020 2846     		mov	r0, r5
 219 0022 FFF7FEFF 		bl	HAL_GPIO_WritePin
 220              	.LVL17:
  30:Core/Src/AML_DebugDevice.c ****     HAL_GPIO_WritePin(LEDPORT, Led[3], state);
 221              		.loc 1 30 5 view .LVU27
 222 0026 2246     		mov	r2, r4
 223 0028 F188     		ldrh	r1, [r6, #6]
 224 002a 2846     		mov	r0, r5
 225 002c FFF7FEFF 		bl	HAL_GPIO_WritePin
 226              	.LVL18:
  31:Core/Src/AML_DebugDevice.c ****     HAL_GPIO_WritePin(LEDPORT, Led[4], state);
 227              		.loc 1 31 5 view .LVU28
 228 0030 2246     		mov	r2, r4
 229 0032 3189     		ldrh	r1, [r6, #8]
 230 0034 2846     		mov	r0, r5
 231 0036 FFF7FEFF 		bl	HAL_GPIO_WritePin
 232              	.LVL19:
  32:Core/Src/AML_DebugDevice.c ****     HAL_GPIO_WritePin(LEDPORT, Led[5], state);
 233              		.loc 1 32 5 view .LVU29
 234 003a 2246     		mov	r2, r4
 235 003c 7189     		ldrh	r1, [r6, #10]
 236 003e 2846     		mov	r0, r5
 237 0040 FFF7FEFF 		bl	HAL_GPIO_WritePin
 238              	.LVL20:
  33:Core/Src/AML_DebugDevice.c ****     HAL_GPIO_WritePin(LEDPORT, Led[6], state);
 239              		.loc 1 33 5 view .LVU30
 240 0044 2246     		mov	r2, r4
 241 0046 B189     		ldrh	r1, [r6, #12]
 242 0048 2846     		mov	r0, r5
 243 004a FFF7FEFF 		bl	HAL_GPIO_WritePin
 244              	.LVL21:
  34:Core/Src/AML_DebugDevice.c ****     HAL_GPIO_WritePin(LEDPORT, Led[7], state);
 245              		.loc 1 34 5 view .LVU31
 246 004e 2246     		mov	r2, r4
 247 0050 F189     		ldrh	r1, [r6, #14]
 248 0052 2846     		mov	r0, r5
 249 0054 FFF7FEFF 		bl	HAL_GPIO_WritePin
 250              	.LVL22:
  35:Core/Src/AML_DebugDevice.c **** }
 251              		.loc 1 35 1 is_stmt 0 view .LVU32
 252 0058 70BD     		pop	{r4, r5, r6, pc}
 253              	.L20:
 254 005a 00BF     		.align	2
 255              	.L19:
 256 005c 00000000 		.word	.LANCHOR0
 257 0060 00080240 		.word	1073874944
 258              		.cfi_endproc
 259              	.LFE134:
ARM GAS  C:\Users\anmh1\AppData\Local\Temp\cc3T2oPy.s 			page 6


 261              		.global	Led
 262              		.section	.data.Led,"aw"
 263              		.align	2
 264              		.set	.LANCHOR0,. + 0
 267              	Led:
 268 0000 0100     		.short	1
 269 0002 0200     		.short	2
 270 0004 0400     		.short	4
 271 0006 0800     		.short	8
 272 0008 1000     		.short	16
 273 000a 2000     		.short	32
 274 000c 0001     		.short	256
 275 000e 0004     		.short	1024
 276              		.text
 277              	.Letext0:
 278              		.file 2 "c:\\make\\test\\gcc-arm-none-eabi-9-2019-q4-major-win32\\arm-none-eabi\\include\\machine\
 279              		.file 3 "c:\\make\\test\\gcc-arm-none-eabi-9-2019-q4-major-win32\\arm-none-eabi\\include\\sys\\_st
 280              		.file 4 "Drivers/CMSIS/Include/core_cm4.h"
 281              		.file 5 "Drivers/CMSIS/Device/ST/STM32F4xx/Include/system_stm32f4xx.h"
 282              		.file 6 "Drivers/CMSIS/Device/ST/STM32F4xx/Include/stm32f407xx.h"
 283              		.file 7 "Drivers/STM32F4xx_HAL_Driver/Inc/stm32f4xx_hal_gpio.h"
 284              		.file 8 "Drivers/STM32F4xx_HAL_Driver/Inc/stm32f4xx_hal.h"
 285              		.file 9 "Core/Inc/AML_DebugDevice.h"
ARM GAS  C:\Users\anmh1\AppData\Local\Temp\cc3T2oPy.s 			page 7


DEFINED SYMBOLS
                            *ABS*:00000000 AML_DebugDevice.c
C:\Users\anmh1\AppData\Local\Temp\cc3T2oPy.s:18     .text.AML_DebugDevice_TurnOnLED:00000000 $t
C:\Users\anmh1\AppData\Local\Temp\cc3T2oPy.s:26     .text.AML_DebugDevice_TurnOnLED:00000000 AML_DebugDevice_TurnOnLED
C:\Users\anmh1\AppData\Local\Temp\cc3T2oPy.s:53     .text.AML_DebugDevice_TurnOnLED:00000014 $d
C:\Users\anmh1\AppData\Local\Temp\cc3T2oPy.s:59     .text.AML_DebugDevice_TurnOffLED:00000000 $t
C:\Users\anmh1\AppData\Local\Temp\cc3T2oPy.s:66     .text.AML_DebugDevice_TurnOffLED:00000000 AML_DebugDevice_TurnOffLED
C:\Users\anmh1\AppData\Local\Temp\cc3T2oPy.s:92     .text.AML_DebugDevice_TurnOffLED:00000014 $d
C:\Users\anmh1\AppData\Local\Temp\cc3T2oPy.s:98     .text.AML_DebugDevice_ToggleLED:00000000 $t
C:\Users\anmh1\AppData\Local\Temp\cc3T2oPy.s:105    .text.AML_DebugDevice_ToggleLED:00000000 AML_DebugDevice_ToggleLED
C:\Users\anmh1\AppData\Local\Temp\cc3T2oPy.s:130    .text.AML_DebugDevice_ToggleLED:00000010 $d
C:\Users\anmh1\AppData\Local\Temp\cc3T2oPy.s:136    .text.AML_DebugDevice_SetLED:00000000 $t
C:\Users\anmh1\AppData\Local\Temp\cc3T2oPy.s:143    .text.AML_DebugDevice_SetLED:00000000 AML_DebugDevice_SetLED
C:\Users\anmh1\AppData\Local\Temp\cc3T2oPy.s:171    .text.AML_DebugDevice_SetLED:00000014 $d
C:\Users\anmh1\AppData\Local\Temp\cc3T2oPy.s:177    .text.AML_DebugDevice_SetAllLED:00000000 $t
C:\Users\anmh1\AppData\Local\Temp\cc3T2oPy.s:184    .text.AML_DebugDevice_SetAllLED:00000000 AML_DebugDevice_SetAllLED
C:\Users\anmh1\AppData\Local\Temp\cc3T2oPy.s:256    .text.AML_DebugDevice_SetAllLED:0000005c $d
C:\Users\anmh1\AppData\Local\Temp\cc3T2oPy.s:267    .data.Led:00000000 Led
C:\Users\anmh1\AppData\Local\Temp\cc3T2oPy.s:263    .data.Led:00000000 $d

UNDEFINED SYMBOLS
HAL_GPIO_WritePin
HAL_GPIO_TogglePin
